{"/Users/wxkmac/Documents/Github/stack-keep-alive/src/components/KeepAlive.js": {"path":"/Users/wxkmac/Documents/Github/stack-keep-alive/src/components/KeepAlive.js","statementMap":{"0":{"start":{"line":49,"column":29},"end":{"line":329,"column":3}},"1":{"start":{"line":66,"column":23},"end":{"line":66,"column":43}},"2":{"start":{"line":72,"column":28},"end":{"line":72,"column":40}},"3":{"start":{"line":76,"column":6},"end":{"line":78,"column":7}},"4":{"start":{"line":77,"column":8},"end":{"line":77,"column":28}},"5":{"start":{"line":80,"column":20},"end":{"line":80,"column":29}},"6":{"start":{"line":81,"column":19},"end":{"line":81,"column":28}},"7":{"start":{"line":83,"column":20},"end":{"line":83,"column":24}},"8":{"start":{"line":85,"column":6},"end":{"line":87,"column":7}},"9":{"start":{"line":86,"column":8},"end":{"line":86,"column":53}},"10":{"start":{"line":89,"column":29},"end":{"line":89,"column":46}},"11":{"start":{"line":98,"column":10},"end":{"line":98,"column":23}},"12":{"start":{"line":99,"column":31},"end":{"line":99,"column":51}},"13":{"start":{"line":101,"column":6},"end":{"line":131,"column":7}},"14":{"start":{"line":102,"column":25},"end":{"line":102,"column":40}},"15":{"start":{"line":103,"column":8},"end":{"line":103,"column":70}},"16":{"start":{"line":105,"column":8},"end":{"line":115,"column":9}},"17":{"start":{"line":116,"column":8},"end":{"line":125,"column":26}},"18":{"start":{"line":117,"column":10},"end":{"line":117,"column":40}},"19":{"start":{"line":118,"column":10},"end":{"line":120,"column":11}},"20":{"start":{"line":119,"column":12},"end":{"line":119,"column":38}},"21":{"start":{"line":121,"column":28},"end":{"line":121,"column":69}},"22":{"start":{"line":122,"column":10},"end":{"line":124,"column":11}},"23":{"start":{"line":123,"column":12},"end":{"line":123,"column":62}},"24":{"start":{"line":127,"column":8},"end":{"line":130,"column":9}},"25":{"start":{"line":133,"column":6},"end":{"line":151,"column":7}},"26":{"start":{"line":134,"column":25},"end":{"line":134,"column":40}},"27":{"start":{"line":135,"column":8},"end":{"line":135,"column":75}},"28":{"start":{"line":136,"column":8},"end":{"line":145,"column":26}},"29":{"start":{"line":137,"column":10},"end":{"line":139,"column":11}},"30":{"start":{"line":138,"column":12},"end":{"line":138,"column":39}},"31":{"start":{"line":140,"column":28},"end":{"line":140,"column":71}},"32":{"start":{"line":141,"column":10},"end":{"line":143,"column":11}},"33":{"start":{"line":142,"column":12},"end":{"line":142,"column":62}},"34":{"start":{"line":144,"column":10},"end":{"line":144,"column":39}},"35":{"start":{"line":147,"column":8},"end":{"line":150,"column":9}},"36":{"start":{"line":155,"column":8},"end":{"line":155,"column":29}},"37":{"start":{"line":156,"column":8},"end":{"line":156,"column":55}},"38":{"start":{"line":160,"column":8},"end":{"line":165,"column":10}},"39":{"start":{"line":161,"column":23},"end":{"line":161,"column":51}},"40":{"start":{"line":162,"column":10},"end":{"line":164,"column":11}},"41":{"start":{"line":163,"column":12},"end":{"line":163,"column":32}},"42":{"start":{"line":169,"column":23},"end":{"line":169,"column":37}},"43":{"start":{"line":170,"column":8},"end":{"line":176,"column":9}},"44":{"start":{"line":171,"column":10},"end":{"line":171,"column":25}},"45":{"start":{"line":172,"column":15},"end":{"line":176,"column":9}},"46":{"start":{"line":175,"column":10},"end":{"line":175,"column":33}},"47":{"start":{"line":177,"column":8},"end":{"line":177,"column":25}},"48":{"start":{"line":178,"column":8},"end":{"line":178,"column":24}},"49":{"start":{"line":183,"column":6},"end":{"line":187,"column":7}},"50":{"start":{"line":184,"column":8},"end":{"line":184,"column":30}},"51":{"start":{"line":186,"column":8},"end":{"line":186,"column":38}},"52":{"start":{"line":188,"column":6},"end":{"line":190,"column":7}},"53":{"start":{"line":189,"column":8},"end":{"line":189,"column":132}},"54":{"start":{"line":191,"column":20},"end":{"line":191,"column":89}},"55":{"start":{"line":192,"column":6},"end":{"line":194,"column":7}},"56":{"start":{"line":193,"column":8},"end":{"line":193,"column":29}},"57":{"start":{"line":195,"column":6},"end":{"line":197,"column":7}},"58":{"start":{"line":196,"column":8},"end":{"line":196,"column":29}},"59":{"start":{"line":199,"column":6},"end":{"line":207,"column":7}},"60":{"start":{"line":200,"column":14},"end":{"line":200,"column":44}},"61":{"start":{"line":202,"column":10},"end":{"line":202,"column":63}},"62":{"start":{"line":202,"column":40},"end":{"line":202,"column":62}},"63":{"start":{"line":203,"column":10},"end":{"line":203,"column":64}},"64":{"start":{"line":203,"column":40},"end":{"line":203,"column":63}},"65":{"start":{"line":210,"column":28},"end":{"line":210,"column":32}},"66":{"start":{"line":211,"column":27},"end":{"line":216,"column":7}},"67":{"start":{"line":213,"column":8},"end":{"line":215,"column":9}},"68":{"start":{"line":214,"column":10},"end":{"line":214,"column":69}},"69":{"start":{"line":217,"column":6},"end":{"line":217,"column":29}},"70":{"start":{"line":218,"column":6},"end":{"line":218,"column":29}},"71":{"start":{"line":220,"column":6},"end":{"line":234,"column":8}},"72":{"start":{"line":221,"column":8},"end":{"line":233,"column":10}},"73":{"start":{"line":222,"column":40},"end":{"line":222,"column":48}},"74":{"start":{"line":223,"column":24},"end":{"line":223,"column":46}},"75":{"start":{"line":224,"column":10},"end":{"line":231,"column":11}},"76":{"start":{"line":226,"column":12},"end":{"line":226,"column":33}},"77":{"start":{"line":228,"column":23},"end":{"line":228,"column":41}},"78":{"start":{"line":229,"column":12},"end":{"line":229,"column":53}},"79":{"start":{"line":230,"column":12},"end":{"line":230,"column":18}},"80":{"start":{"line":232,"column":10},"end":{"line":232,"column":25}},"81":{"start":{"line":236,"column":6},"end":{"line":327,"column":7}},"82":{"start":{"line":237,"column":8},"end":{"line":237,"column":30}},"83":{"start":{"line":239,"column":8},"end":{"line":241,"column":9}},"84":{"start":{"line":240,"column":10},"end":{"line":240,"column":21}},"85":{"start":{"line":243,"column":21},"end":{"line":243,"column":43}},"86":{"start":{"line":245,"column":25},"end":{"line":245,"column":53}},"87":{"start":{"line":246,"column":25},"end":{"line":246,"column":36}},"88":{"start":{"line":247,"column":8},"end":{"line":262,"column":9}},"89":{"start":{"line":248,"column":10},"end":{"line":250,"column":11}},"90":{"start":{"line":249,"column":12},"end":{"line":249,"column":73}},"91":{"start":{"line":251,"column":10},"end":{"line":251,"column":24}},"92":{"start":{"line":252,"column":10},"end":{"line":252,"column":39}},"93":{"start":{"line":253,"column":10},"end":{"line":253,"column":25}},"94":{"start":{"line":254,"column":15},"end":{"line":262,"column":9}},"95":{"start":{"line":259,"column":10},"end":{"line":259,"column":39}},"96":{"start":{"line":260,"column":10},"end":{"line":260,"column":24}},"97":{"start":{"line":261,"column":10},"end":{"line":261,"column":25}},"98":{"start":{"line":264,"column":20},"end":{"line":264,"column":43}},"99":{"start":{"line":266,"column":21},"end":{"line":266,"column":31}},"100":{"start":{"line":270,"column":21},"end":{"line":274,"column":9}},"101":{"start":{"line":276,"column":42},"end":{"line":276,"column":47}},"102":{"start":{"line":278,"column":8},"end":{"line":284,"column":9}},"103":{"start":{"line":282,"column":10},"end":{"line":282,"column":25}},"104":{"start":{"line":283,"column":10},"end":{"line":283,"column":25}},"105":{"start":{"line":286,"column":20},"end":{"line":286,"column":56}},"106":{"start":{"line":287,"column":28},"end":{"line":287,"column":42}},"107":{"start":{"line":289,"column":8},"end":{"line":294,"column":9}},"108":{"start":{"line":290,"column":10},"end":{"line":290,"column":35}},"109":{"start":{"line":291,"column":10},"end":{"line":293,"column":11}},"110":{"start":{"line":292,"column":12},"end":{"line":292,"column":38}},"111":{"start":{"line":300,"column":8},"end":{"line":300,"column":29}},"112":{"start":{"line":301,"column":8},"end":{"line":321,"column":9}},"113":{"start":{"line":303,"column":10},"end":{"line":303,"column":35}},"114":{"start":{"line":304,"column":10},"end":{"line":304,"column":49}},"115":{"start":{"line":306,"column":10},"end":{"line":309,"column":11}},"116":{"start":{"line":308,"column":12},"end":{"line":308,"column":55}},"117":{"start":{"line":311,"column":10},"end":{"line":311,"column":60}},"118":{"start":{"line":313,"column":10},"end":{"line":313,"column":26}},"119":{"start":{"line":314,"column":10},"end":{"line":314,"column":23}},"120":{"start":{"line":316,"column":10},"end":{"line":316,"column":23}},"121":{"start":{"line":318,"column":10},"end":{"line":320,"column":11}},"122":{"start":{"line":319,"column":12},"end":{"line":319,"column":55}},"123":{"start":{"line":323,"column":8},"end":{"line":323,"column":65}},"124":{"start":{"line":325,"column":8},"end":{"line":325,"column":23}},"125":{"start":{"line":326,"column":8},"end":{"line":326,"column":23}},"126":{"start":{"line":331,"column":2},"end":{"line":333,"column":3}},"127":{"start":{"line":332,"column":4},"end":{"line":332,"column":41}},"128":{"start":{"line":335,"column":32},"end":{"line":335,"column":50}},"129":{"start":{"line":338,"column":4},"end":{"line":344,"column":5}},"130":{"start":{"line":339,"column":6},"end":{"line":339,"column":50}},"131":{"start":{"line":339,"column":33},"end":{"line":339,"column":49}},"132":{"start":{"line":340,"column":11},"end":{"line":344,"column":5}},"133":{"start":{"line":341,"column":6},"end":{"line":341,"column":46}},"134":{"start":{"line":342,"column":11},"end":{"line":344,"column":5}},"135":{"start":{"line":343,"column":6},"end":{"line":343,"column":31}},"136":{"start":{"line":353,"column":4},"end":{"line":353,"column":65}},"137":{"start":{"line":360,"column":4},"end":{"line":360,"column":67}},"138":{"start":{"line":372,"column":6},"end":{"line":383,"column":8}},"139":{"start":{"line":375,"column":22},"end":{"line":375,"column":28}},"140":{"start":{"line":376,"column":8},"end":{"line":381,"column":9}},"141":{"start":{"line":377,"column":10},"end":{"line":379,"column":11}},"142":{"start":{"line":378,"column":12},"end":{"line":378,"column":18}},"143":{"start":{"line":380,"column":10},"end":{"line":380,"column":34}},"144":{"start":{"line":382,"column":8},"end":{"line":382,"column":21}},"145":{"start":{"line":384,"column":4},"end":{"line":384,"column":41}},"146":{"start":{"line":390,"column":4},"end":{"line":398,"column":5}},"147":{"start":{"line":391,"column":20},"end":{"line":391,"column":33}},"148":{"start":{"line":392,"column":6},"end":{"line":397,"column":7}},"149":{"start":{"line":393,"column":8},"end":{"line":395,"column":9}},"150":{"start":{"line":394,"column":10},"end":{"line":394,"column":67}},"151":{"start":{"line":396,"column":8},"end":{"line":396,"column":32}},"152":{"start":{"line":409,"column":21},"end":{"line":409,"column":78}},"153":{"start":{"line":410,"column":4},"end":{"line":412,"column":14}},"154":{"start":{"line":411,"column":6},"end":{"line":411,"column":43}},"155":{"start":{"line":416,"column":20},"end":{"line":416,"column":35}},"156":{"start":{"line":417,"column":4},"end":{"line":419,"column":5}},"157":{"start":{"line":418,"column":6},"end":{"line":418,"column":57}},"158":{"start":{"line":420,"column":4},"end":{"line":422,"column":5}},"159":{"start":{"line":421,"column":6},"end":{"line":421,"column":50}},"160":{"start":{"line":423,"column":4},"end":{"line":423,"column":31}},"161":{"start":{"line":427,"column":4},"end":{"line":427,"column":74}},"162":{"start":{"line":431,"column":4},"end":{"line":431,"column":26}},"163":{"start":{"line":431,"column":15},"end":{"line":431,"column":26}},"164":{"start":{"line":432,"column":24},"end":{"line":432,"column":34}},"165":{"start":{"line":433,"column":4},"end":{"line":433,"column":66}}},"fnMap":{"0":{"name":"(anonymous_0)","decl":{"start":{"line":65,"column":4},"end":{"line":65,"column":5}},"loc":{"start":{"line":65,"column":29},"end":{"line":328,"column":5}},"line":65},"1":{"name":"(anonymous_1)","decl":{"start":{"line":101,"column":31},"end":{"line":101,"column":32}},"loc":{"start":{"line":101,"column":79},"end":{"line":131,"column":7}},"line":101},"2":{"name":"(anonymous_2)","decl":{"start":{"line":116,"column":30},"end":{"line":116,"column":31}},"loc":{"start":{"line":116,"column":36},"end":{"line":125,"column":9}},"line":116},"3":{"name":"(anonymous_3)","decl":{"start":{"line":133,"column":33},"end":{"line":133,"column":34}},"loc":{"start":{"line":133,"column":44},"end":{"line":151,"column":7}},"line":133},"4":{"name":"(anonymous_4)","decl":{"start":{"line":136,"column":30},"end":{"line":136,"column":31}},"loc":{"start":{"line":136,"column":36},"end":{"line":145,"column":9}},"line":136},"5":{"name":"unmount","decl":{"start":{"line":153,"column":15},"end":{"line":153,"column":22}},"loc":{"start":{"line":153,"column":30},"end":{"line":157,"column":7}},"line":153},"6":{"name":"pruneCache","decl":{"start":{"line":159,"column":15},"end":{"line":159,"column":25}},"loc":{"start":{"line":159,"column":34},"end":{"line":166,"column":7}},"line":159},"7":{"name":"(anonymous_7)","decl":{"start":{"line":160,"column":22},"end":{"line":160,"column":23}},"loc":{"start":{"line":160,"column":38},"end":{"line":165,"column":9}},"line":160},"8":{"name":"pruneCacheEntry","decl":{"start":{"line":168,"column":15},"end":{"line":168,"column":30}},"loc":{"start":{"line":168,"column":36},"end":{"line":179,"column":7}},"line":168},"9":{"name":"(anonymous_9)","decl":{"start":{"line":200,"column":8},"end":{"line":200,"column":9}},"loc":{"start":{"line":200,"column":14},"end":{"line":200,"column":44}},"line":200},"10":{"name":"(anonymous_10)","decl":{"start":{"line":201,"column":8},"end":{"line":201,"column":9}},"loc":{"start":{"line":201,"column":32},"end":{"line":204,"column":9}},"line":201},"11":{"name":"(anonymous_11)","decl":{"start":{"line":202,"column":32},"end":{"line":202,"column":33}},"loc":{"start":{"line":202,"column":40},"end":{"line":202,"column":62}},"line":202},"12":{"name":"(anonymous_12)","decl":{"start":{"line":203,"column":32},"end":{"line":203,"column":33}},"loc":{"start":{"line":203,"column":40},"end":{"line":203,"column":63}},"line":203},"13":{"name":"(anonymous_13)","decl":{"start":{"line":211,"column":27},"end":{"line":211,"column":28}},"loc":{"start":{"line":211,"column":33},"end":{"line":216,"column":7}},"line":211},"14":{"name":"(anonymous_14)","decl":{"start":{"line":220,"column":22},"end":{"line":220,"column":23}},"loc":{"start":{"line":220,"column":28},"end":{"line":234,"column":7}},"line":220},"15":{"name":"(anonymous_15)","decl":{"start":{"line":221,"column":22},"end":{"line":221,"column":23}},"loc":{"start":{"line":221,"column":32},"end":{"line":233,"column":9}},"line":221},"16":{"name":"(anonymous_16)","decl":{"start":{"line":236,"column":13},"end":{"line":236,"column":14}},"loc":{"start":{"line":236,"column":19},"end":{"line":327,"column":7}},"line":236},"17":{"name":"matches","decl":{"start":{"line":337,"column":11},"end":{"line":337,"column":18}},"loc":{"start":{"line":337,"column":33},"end":{"line":347,"column":3}},"line":337},"18":{"name":"(anonymous_18)","decl":{"start":{"line":339,"column":26},"end":{"line":339,"column":27}},"loc":{"start":{"line":339,"column":33},"end":{"line":339,"column":49}},"line":339},"19":{"name":"onActivated","decl":{"start":{"line":349,"column":18},"end":{"line":349,"column":29}},"loc":{"start":{"line":352,"column":4},"end":{"line":354,"column":3}},"line":352},"20":{"name":"onDeactivated","decl":{"start":{"line":356,"column":18},"end":{"line":356,"column":31}},"loc":{"start":{"line":359,"column":4},"end":{"line":361,"column":3}},"line":359},"21":{"name":"registerKeepAliveHook","decl":{"start":{"line":363,"column":11},"end":{"line":363,"column":32}},"loc":{"start":{"line":367,"column":4},"end":{"line":399,"column":3}},"line":367},"22":{"name":"(anonymous_22)","decl":{"start":{"line":373,"column":20},"end":{"line":373,"column":21}},"loc":{"start":{"line":373,"column":26},"end":{"line":383,"column":7}},"line":373},"23":{"name":"injectToKeepAliveRoot","decl":{"start":{"line":401,"column":11},"end":{"line":401,"column":32}},"loc":{"start":{"line":406,"column":4},"end":{"line":413,"column":3}},"line":406},"24":{"name":"(anonymous_24)","decl":{"start":{"line":410,"column":16},"end":{"line":410,"column":17}},"loc":{"start":{"line":410,"column":22},"end":{"line":412,"column":5}},"line":410},"25":{"name":"resetShapeFlag","decl":{"start":{"line":415,"column":11},"end":{"line":415,"column":25}},"loc":{"start":{"line":415,"column":33},"end":{"line":424,"column":3}},"line":415},"26":{"name":"getInnerChild","decl":{"start":{"line":426,"column":11},"end":{"line":426,"column":24}},"loc":{"start":{"line":426,"column":32},"end":{"line":428,"column":3}},"line":426},"27":{"name":"normalizeSlot","decl":{"start":{"line":430,"column":11},"end":{"line":430,"column":24}},"loc":{"start":{"line":430,"column":37},"end":{"line":434,"column":3}},"line":430}},"branchMap":{"0":{"loc":{"start":{"line":76,"column":6},"end":{"line":78,"column":7}},"type":"if","locations":[{"start":{"line":76,"column":6},"end":{"line":78,"column":7}},{"start":{},"end":{}}],"line":76},"1":{"loc":{"start":{"line":85,"column":6},"end":{"line":87,"column":7}},"type":"if","locations":[{"start":{"line":85,"column":6},"end":{"line":87,"column":7}},{"start":{},"end":{}}],"line":85},"2":{"loc":{"start":{"line":85,"column":10},"end":{"line":85,"column":46}},"type":"binary-expr","locations":[{"start":{"line":85,"column":10},"end":{"line":85,"column":17}},{"start":{"line":85,"column":21},"end":{"line":85,"column":46}}],"line":85},"3":{"loc":{"start":{"line":118,"column":10},"end":{"line":120,"column":11}},"type":"if","locations":[{"start":{"line":118,"column":10},"end":{"line":120,"column":11}},{"start":{},"end":{}}],"line":118},"4":{"loc":{"start":{"line":121,"column":28},"end":{"line":121,"column":69}},"type":"binary-expr","locations":[{"start":{"line":121,"column":28},"end":{"line":121,"column":39}},{"start":{"line":121,"column":43},"end":{"line":121,"column":69}}],"line":121},"5":{"loc":{"start":{"line":122,"column":10},"end":{"line":124,"column":11}},"type":"if","locations":[{"start":{"line":122,"column":10},"end":{"line":124,"column":11}},{"start":{},"end":{}}],"line":122},"6":{"loc":{"start":{"line":127,"column":8},"end":{"line":130,"column":9}},"type":"if","locations":[{"start":{"line":127,"column":8},"end":{"line":130,"column":9}},{"start":{},"end":{}}],"line":127},"7":{"loc":{"start":{"line":127,"column":12},"end":{"line":127,"column":48}},"type":"binary-expr","locations":[{"start":{"line":127,"column":12},"end":{"line":127,"column":19}},{"start":{"line":127,"column":23},"end":{"line":127,"column":48}}],"line":127},"8":{"loc":{"start":{"line":137,"column":10},"end":{"line":139,"column":11}},"type":"if","locations":[{"start":{"line":137,"column":10},"end":{"line":139,"column":11}},{"start":{},"end":{}}],"line":137},"9":{"loc":{"start":{"line":140,"column":28},"end":{"line":140,"column":71}},"type":"binary-expr","locations":[{"start":{"line":140,"column":28},"end":{"line":140,"column":39}},{"start":{"line":140,"column":43},"end":{"line":140,"column":71}}],"line":140},"10":{"loc":{"start":{"line":141,"column":10},"end":{"line":143,"column":11}},"type":"if","locations":[{"start":{"line":141,"column":10},"end":{"line":143,"column":11}},{"start":{},"end":{}}],"line":141},"11":{"loc":{"start":{"line":147,"column":8},"end":{"line":150,"column":9}},"type":"if","locations":[{"start":{"line":147,"column":8},"end":{"line":150,"column":9}},{"start":{},"end":{}}],"line":147},"12":{"loc":{"start":{"line":147,"column":12},"end":{"line":147,"column":48}},"type":"binary-expr","locations":[{"start":{"line":147,"column":12},"end":{"line":147,"column":19}},{"start":{"line":147,"column":23},"end":{"line":147,"column":48}}],"line":147},"13":{"loc":{"start":{"line":162,"column":10},"end":{"line":164,"column":11}},"type":"if","locations":[{"start":{"line":162,"column":10},"end":{"line":164,"column":11}},{"start":{},"end":{}}],"line":162},"14":{"loc":{"start":{"line":162,"column":14},"end":{"line":162,"column":48}},"type":"binary-expr","locations":[{"start":{"line":162,"column":14},"end":{"line":162,"column":18}},{"start":{"line":162,"column":23},"end":{"line":162,"column":30}},{"start":{"line":162,"column":34},"end":{"line":162,"column":47}}],"line":162},"15":{"loc":{"start":{"line":170,"column":8},"end":{"line":176,"column":9}},"type":"if","locations":[{"start":{"line":170,"column":8},"end":{"line":176,"column":9}},{"start":{"line":172,"column":15},"end":{"line":176,"column":9}}],"line":170},"16":{"loc":{"start":{"line":170,"column":12},"end":{"line":170,"column":52}},"type":"binary-expr","locations":[{"start":{"line":170,"column":12},"end":{"line":170,"column":20}},{"start":{"line":170,"column":24},"end":{"line":170,"column":52}}],"line":170},"17":{"loc":{"start":{"line":172,"column":15},"end":{"line":176,"column":9}},"type":"if","locations":[{"start":{"line":172,"column":15},"end":{"line":176,"column":9}},{"start":{},"end":{}}],"line":172},"18":{"loc":{"start":{"line":183,"column":6},"end":{"line":187,"column":7}},"type":"if","locations":[{"start":{"line":183,"column":6},"end":{"line":187,"column":7}},{"start":{"line":185,"column":13},"end":{"line":187,"column":7}}],"line":183},"19":{"loc":{"start":{"line":188,"column":6},"end":{"line":190,"column":7}},"type":"if","locations":[{"start":{"line":188,"column":6},"end":{"line":190,"column":7}},{"start":{},"end":{}}],"line":188},"20":{"loc":{"start":{"line":192,"column":6},"end":{"line":194,"column":7}},"type":"if","locations":[{"start":{"line":192,"column":6},"end":{"line":194,"column":7}},{"start":{},"end":{}}],"line":192},"21":{"loc":{"start":{"line":192,"column":10},"end":{"line":192,"column":46}},"type":"binary-expr","locations":[{"start":{"line":192,"column":10},"end":{"line":192,"column":17}},{"start":{"line":192,"column":21},"end":{"line":192,"column":46}}],"line":192},"22":{"loc":{"start":{"line":195,"column":6},"end":{"line":197,"column":7}},"type":"if","locations":[{"start":{"line":195,"column":6},"end":{"line":197,"column":7}},{"start":{},"end":{}}],"line":195},"23":{"loc":{"start":{"line":202,"column":10},"end":{"line":202,"column":63}},"type":"binary-expr","locations":[{"start":{"line":202,"column":10},"end":{"line":202,"column":17}},{"start":{"line":202,"column":21},"end":{"line":202,"column":63}}],"line":202},"24":{"loc":{"start":{"line":203,"column":10},"end":{"line":203,"column":64}},"type":"binary-expr","locations":[{"start":{"line":203,"column":10},"end":{"line":203,"column":17}},{"start":{"line":203,"column":21},"end":{"line":203,"column":64}}],"line":203},"25":{"loc":{"start":{"line":213,"column":8},"end":{"line":215,"column":9}},"type":"if","locations":[{"start":{"line":213,"column":8},"end":{"line":215,"column":9}},{"start":{},"end":{}}],"line":213},"26":{"loc":{"start":{"line":224,"column":10},"end":{"line":231,"column":11}},"type":"if","locations":[{"start":{"line":224,"column":10},"end":{"line":231,"column":11}},{"start":{},"end":{}}],"line":224},"27":{"loc":{"start":{"line":229,"column":12},"end":{"line":229,"column":53}},"type":"binary-expr","locations":[{"start":{"line":229,"column":12},"end":{"line":229,"column":14}},{"start":{"line":229,"column":18},"end":{"line":229,"column":53}}],"line":229},"28":{"loc":{"start":{"line":239,"column":8},"end":{"line":241,"column":9}},"type":"if","locations":[{"start":{"line":239,"column":8},"end":{"line":241,"column":9}},{"start":{},"end":{}}],"line":239},"29":{"loc":{"start":{"line":247,"column":8},"end":{"line":262,"column":9}},"type":"if","locations":[{"start":{"line":247,"column":8},"end":{"line":262,"column":9}},{"start":{"line":254,"column":15},"end":{"line":262,"column":9}}],"line":247},"30":{"loc":{"start":{"line":248,"column":10},"end":{"line":250,"column":11}},"type":"if","locations":[{"start":{"line":248,"column":10},"end":{"line":250,"column":11}},{"start":{},"end":{}}],"line":248},"31":{"loc":{"start":{"line":254,"column":15},"end":{"line":262,"column":9}},"type":"if","locations":[{"start":{"line":254,"column":15},"end":{"line":262,"column":9}},{"start":{},"end":{}}],"line":254},"32":{"loc":{"start":{"line":255,"column":10},"end":{"line":257,"column":58}},"type":"binary-expr","locations":[{"start":{"line":255,"column":10},"end":{"line":255,"column":28}},{"start":{"line":256,"column":11},"end":{"line":256,"column":66}},{"start":{"line":257,"column":12},"end":{"line":257,"column":57}}],"line":255},"33":{"loc":{"start":{"line":271,"column":10},"end":{"line":273,"column":18}},"type":"cond-expr","locations":[{"start":{"line":272,"column":14},"end":{"line":272,"column":48}},{"start":{"line":273,"column":14},"end":{"line":273,"column":18}}],"line":271},"34":{"loc":{"start":{"line":272,"column":14},"end":{"line":272,"column":48}},"type":"binary-expr","locations":[{"start":{"line":272,"column":14},"end":{"line":272,"column":42}},{"start":{"line":272,"column":46},"end":{"line":272,"column":48}}],"line":272},"35":{"loc":{"start":{"line":278,"column":8},"end":{"line":284,"column":9}},"type":"if","locations":[{"start":{"line":278,"column":8},"end":{"line":284,"column":9}},{"start":{},"end":{}}],"line":278},"36":{"loc":{"start":{"line":279,"column":10},"end":{"line":280,"column":53}},"type":"binary-expr","locations":[{"start":{"line":279,"column":11},"end":{"line":279,"column":18}},{"start":{"line":279,"column":23},"end":{"line":279,"column":28}},{"start":{"line":279,"column":32},"end":{"line":279,"column":55}},{"start":{"line":280,"column":11},"end":{"line":280,"column":18}},{"start":{"line":280,"column":22},"end":{"line":280,"column":26}},{"start":{"line":280,"column":30},"end":{"line":280,"column":52}}],"line":279},"37":{"loc":{"start":{"line":286,"column":20},"end":{"line":286,"column":56}},"type":"cond-expr","locations":[{"start":{"line":286,"column":40},"end":{"line":286,"column":44}},{"start":{"line":286,"column":47},"end":{"line":286,"column":56}}],"line":286},"38":{"loc":{"start":{"line":289,"column":8},"end":{"line":294,"column":9}},"type":"if","locations":[{"start":{"line":289,"column":8},"end":{"line":294,"column":9}},{"start":{},"end":{}}],"line":289},"39":{"loc":{"start":{"line":291,"column":10},"end":{"line":293,"column":11}},"type":"if","locations":[{"start":{"line":291,"column":10},"end":{"line":293,"column":11}},{"start":{},"end":{}}],"line":291},"40":{"loc":{"start":{"line":301,"column":8},"end":{"line":321,"column":9}},"type":"if","locations":[{"start":{"line":301,"column":8},"end":{"line":321,"column":9}},{"start":{"line":315,"column":15},"end":{"line":321,"column":9}}],"line":301},"41":{"loc":{"start":{"line":306,"column":10},"end":{"line":309,"column":11}},"type":"if","locations":[{"start":{"line":306,"column":10},"end":{"line":309,"column":11}},{"start":{},"end":{}}],"line":306},"42":{"loc":{"start":{"line":318,"column":10},"end":{"line":320,"column":11}},"type":"if","locations":[{"start":{"line":318,"column":10},"end":{"line":320,"column":11}},{"start":{},"end":{}}],"line":318},"43":{"loc":{"start":{"line":318,"column":14},"end":{"line":318,"column":50}},"type":"binary-expr","locations":[{"start":{"line":318,"column":14},"end":{"line":318,"column":17}},{"start":{"line":318,"column":21},"end":{"line":318,"column":50}}],"line":318},"44":{"loc":{"start":{"line":331,"column":2},"end":{"line":333,"column":3}},"type":"if","locations":[{"start":{"line":331,"column":2},"end":{"line":333,"column":3}},{"start":{},"end":{}}],"line":331},"45":{"loc":{"start":{"line":338,"column":4},"end":{"line":344,"column":5}},"type":"if","locations":[{"start":{"line":338,"column":4},"end":{"line":344,"column":5}},{"start":{"line":340,"column":11},"end":{"line":344,"column":5}}],"line":338},"46":{"loc":{"start":{"line":340,"column":11},"end":{"line":344,"column":5}},"type":"if","locations":[{"start":{"line":340,"column":11},"end":{"line":344,"column":5}},{"start":{"line":342,"column":11},"end":{"line":344,"column":5}}],"line":340},"47":{"loc":{"start":{"line":342,"column":11},"end":{"line":344,"column":5}},"type":"if","locations":[{"start":{"line":342,"column":11},"end":{"line":344,"column":5}},{"start":{},"end":{}}],"line":342},"48":{"loc":{"start":{"line":351,"column":4},"end":{"line":351,"column":17}},"type":"default-arg","locations":[{"start":{"line":351,"column":13},"end":{"line":351,"column":17}}],"line":351},"49":{"loc":{"start":{"line":358,"column":4},"end":{"line":358,"column":17}},"type":"default-arg","locations":[{"start":{"line":358,"column":13},"end":{"line":358,"column":17}}],"line":358},"50":{"loc":{"start":{"line":366,"column":4},"end":{"line":366,"column":28}},"type":"default-arg","locations":[{"start":{"line":366,"column":13},"end":{"line":366,"column":28}}],"line":366},"51":{"loc":{"start":{"line":372,"column":6},"end":{"line":383,"column":8}},"type":"binary-expr","locations":[{"start":{"line":372,"column":6},"end":{"line":372,"column":16}},{"start":{"line":373,"column":7},"end":{"line":383,"column":7}}],"line":372},"52":{"loc":{"start":{"line":377,"column":10},"end":{"line":379,"column":11}},"type":"if","locations":[{"start":{"line":377,"column":10},"end":{"line":379,"column":11}},{"start":{},"end":{}}],"line":377},"53":{"loc":{"start":{"line":390,"column":4},"end":{"line":398,"column":5}},"type":"if","locations":[{"start":{"line":390,"column":4},"end":{"line":398,"column":5}},{"start":{},"end":{}}],"line":390},"54":{"loc":{"start":{"line":392,"column":13},"end":{"line":392,"column":38}},"type":"binary-expr","locations":[{"start":{"line":392,"column":13},"end":{"line":392,"column":20}},{"start":{"line":392,"column":24},"end":{"line":392,"column":38}}],"line":392},"55":{"loc":{"start":{"line":393,"column":8},"end":{"line":395,"column":9}},"type":"if","locations":[{"start":{"line":393,"column":8},"end":{"line":395,"column":9}},{"start":{},"end":{}}],"line":393},"56":{"loc":{"start":{"line":417,"column":4},"end":{"line":419,"column":5}},"type":"if","locations":[{"start":{"line":417,"column":4},"end":{"line":419,"column":5}},{"start":{},"end":{}}],"line":417},"57":{"loc":{"start":{"line":420,"column":4},"end":{"line":422,"column":5}},"type":"if","locations":[{"start":{"line":420,"column":4},"end":{"line":422,"column":5}},{"start":{},"end":{}}],"line":420},"58":{"loc":{"start":{"line":427,"column":11},"end":{"line":427,"column":74}},"type":"cond-expr","locations":[{"start":{"line":427,"column":51},"end":{"line":427,"column":66}},{"start":{"line":427,"column":69},"end":{"line":427,"column":74}}],"line":427},"59":{"loc":{"start":{"line":431,"column":4},"end":{"line":431,"column":26}},"type":"if","locations":[{"start":{"line":431,"column":4},"end":{"line":431,"column":26}},{"start":{},"end":{}}],"line":431},"60":{"loc":{"start":{"line":433,"column":11},"end":{"line":433,"column":66}},"type":"cond-expr","locations":[{"start":{"line":433,"column":38},"end":{"line":433,"column":52}},{"start":{"line":433,"column":55},"end":{"line":433,"column":66}}],"line":433}},"s":{"0":2,"1":2,"2":2,"3":2,"4":0,"5":2,"6":2,"7":2,"8":2,"9":2,"10":2,"11":2,"12":2,"13":2,"14":2,"15":2,"16":2,"17":2,"18":2,"19":2,"20":2,"21":2,"22":2,"23":0,"24":2,"25":2,"26":9,"27":9,"28":9,"29":9,"30":9,"31":9,"32":9,"33":9,"34":9,"35":9,"36":3,"37":3,"38":0,"39":0,"40":0,"41":0,"42":3,"43":3,"44":3,"45":0,"46":0,"47":3,"48":3,"49":2,"50":2,"51":0,"52":2,"53":0,"54":2,"55":2,"56":2,"57":2,"58":2,"59":2,"60":2,"61":0,"62":0,"63":0,"64":0,"65":2,"66":2,"67":13,"68":11,"69":2,"70":2,"71":2,"72":0,"73":0,"74":0,"75":0,"76":0,"77":0,"78":0,"79":0,"80":0,"81":2,"82":13,"83":13,"84":0,"85":13,"86":13,"87":13,"88":13,"89":0,"90":0,"91":0,"92":0,"93":0,"94":13,"95":2,"96":2,"97":2,"98":11,"99":11,"100":11,"101":11,"102":11,"103":0,"104":0,"105":11,"106":11,"107":11,"108":0,"109":0,"110":0,"111":11,"112":11,"113":2,"114":2,"115":2,"116":0,"117":2,"118":2,"119":2,"120":9,"121":9,"122":0,"123":11,"124":11,"125":11,"126":2,"127":0,"128":2,"129":0,"130":0,"131":0,"132":0,"133":0,"134":0,"135":0,"136":0,"137":0,"138":0,"139":0,"140":0,"141":0,"142":0,"143":0,"144":0,"145":0,"146":0,"147":0,"148":0,"149":0,"150":0,"151":0,"152":0,"153":0,"154":0,"155":3,"156":3,"157":3,"158":3,"159":1,"160":3,"161":22,"162":0,"163":0,"164":0,"165":0},"f":{"0":2,"1":2,"2":2,"3":9,"4":9,"5":3,"6":0,"7":0,"8":3,"9":2,"10":0,"11":0,"12":0,"13":13,"14":0,"15":0,"16":13,"17":0,"18":0,"19":0,"20":0,"21":0,"22":0,"23":0,"24":0,"25":3,"26":22,"27":0},"b":{"0":[0,2],"1":[2,0],"2":[2,0],"3":[2,0],"4":[2,2],"5":[0,2],"6":[2,0],"7":[2,0],"8":[9,0],"9":[9,9],"10":[9,0],"11":[9,0],"12":[9,0],"13":[0,0],"14":[0,0,0],"15":[3,0],"16":[3,3],"17":[0,0],"18":[2,0],"19":[0,2],"20":[2,0],"21":[2,0],"22":[2,0],"23":[0,0],"24":[0,0],"25":[11,2],"26":[0,0],"27":[0,0],"28":[0,13],"29":[0,13],"30":[0,0],"31":[2,11],"32":[13,13,2],"33":[0,11],"34":[0,0],"35":[0,11],"36":[11,0,0,11,0,0],"37":[0,11],"38":[0,11],"39":[0,0],"40":[2,9],"41":[0,2],"42":[0,9],"43":[9,0],"44":[0,2],"45":[0,0],"46":[0,0],"47":[0,0],"48":[0],"49":[0],"50":[0],"51":[0,0],"52":[0,0],"53":[0,0],"54":[0,0],"55":[0,0],"56":[3,0],"57":[1,2],"58":[0,22],"59":[0,0],"60":[0,0]},"_coverageSchema":"1a1c01bbd47fc00a2c39e90264f33305004495a9","hash":"b896016bd13f663d0f618bbaec3663573aa2a7fc"}
,"/Users/wxkmac/Documents/Github/stack-keep-alive/src/core/Stack.js": {"path":"/Users/wxkmac/Documents/Github/stack-keep-alive/src/core/Stack.js","statementMap":{"0":{"start":{"line":3,"column":4},"end":{"line":3,"column":30}},"1":{"start":{"line":4,"column":4},"end":{"line":4,"column":36}},"2":{"start":{"line":7,"column":18},"end":{"line":7,"column":45}},"3":{"start":{"line":8,"column":4},"end":{"line":15,"column":5}},"4":{"start":{"line":9,"column":6},"end":{"line":9,"column":44}},"5":{"start":{"line":10,"column":6},"end":{"line":10,"column":79}},"6":{"start":{"line":10,"column":59},"end":{"line":10,"column":77}},"7":{"start":{"line":12,"column":18},"end":{"line":12,"column":20}},"8":{"start":{"line":13,"column":6},"end":{"line":13,"column":19}},"9":{"start":{"line":14,"column":6},"end":{"line":14,"column":40}},"10":{"start":{"line":18,"column":17},"end":{"line":18,"column":43}},"11":{"start":{"line":19,"column":4},"end":{"line":28,"column":5}},"12":{"start":{"line":20,"column":6},"end":{"line":27,"column":7}},"13":{"start":{"line":21,"column":19},"end":{"line":21,"column":29}},"14":{"start":{"line":22,"column":8},"end":{"line":22,"column":35}},"15":{"start":{"line":24,"column":8},"end":{"line":26,"column":10}},"16":{"start":{"line":25,"column":18},"end":{"line":25,"column":45}},"17":{"start":{"line":32,"column":4},"end":{"line":34,"column":5}},"18":{"start":{"line":33,"column":6},"end":{"line":33,"column":17}},"19":{"start":{"line":37,"column":4},"end":{"line":37,"column":30}}},"fnMap":{"0":{"name":"(anonymous_0)","decl":{"start":{"line":2,"column":2},"end":{"line":2,"column":3}},"loc":{"start":{"line":2,"column":28},"end":{"line":5,"column":3}},"line":2},"1":{"name":"(anonymous_1)","decl":{"start":{"line":6,"column":2},"end":{"line":6,"column":3}},"loc":{"start":{"line":6,"column":18},"end":{"line":16,"column":3}},"line":6},"2":{"name":"(anonymous_2)","decl":{"start":{"line":10,"column":49},"end":{"line":10,"column":50}},"loc":{"start":{"line":10,"column":59},"end":{"line":10,"column":77}},"line":10},"3":{"name":"(anonymous_3)","decl":{"start":{"line":17,"column":2},"end":{"line":17,"column":3}},"loc":{"start":{"line":17,"column":27},"end":{"line":29,"column":3}},"line":17},"4":{"name":"(anonymous_4)","decl":{"start":{"line":25,"column":10},"end":{"line":25,"column":11}},"loc":{"start":{"line":25,"column":18},"end":{"line":25,"column":45}},"line":25},"5":{"name":"(anonymous_5)","decl":{"start":{"line":31,"column":2},"end":{"line":31,"column":3}},"loc":{"start":{"line":31,"column":23},"end":{"line":35,"column":3}},"line":31},"6":{"name":"(anonymous_6)","decl":{"start":{"line":36,"column":2},"end":{"line":36,"column":3}},"loc":{"start":{"line":36,"column":10},"end":{"line":38,"column":3}},"line":36}},"branchMap":{"0":{"loc":{"start":{"line":8,"column":4},"end":{"line":15,"column":5}},"type":"if","locations":[{"start":{"line":8,"column":4},"end":{"line":15,"column":5}},{"start":{"line":11,"column":11},"end":{"line":15,"column":5}}],"line":8},"1":{"loc":{"start":{"line":9,"column":6},"end":{"line":9,"column":43}},"type":"binary-expr","locations":[{"start":{"line":9,"column":6},"end":{"line":9,"column":25}},{"start":{"line":9,"column":29},"end":{"line":9,"column":43}}],"line":9},"2":{"loc":{"start":{"line":17,"column":6},"end":{"line":17,"column":25}},"type":"default-arg","locations":[{"start":{"line":17,"column":20},"end":{"line":17,"column":25}}],"line":17},"3":{"loc":{"start":{"line":19,"column":4},"end":{"line":28,"column":5}},"type":"if","locations":[{"start":{"line":19,"column":4},"end":{"line":28,"column":5}},{"start":{},"end":{}}],"line":19},"4":{"loc":{"start":{"line":20,"column":6},"end":{"line":27,"column":7}},"type":"if","locations":[{"start":{"line":20,"column":6},"end":{"line":27,"column":7}},{"start":{"line":23,"column":13},"end":{"line":27,"column":7}}],"line":20},"5":{"loc":{"start":{"line":22,"column":8},"end":{"line":22,"column":35}},"type":"binary-expr","locations":[{"start":{"line":22,"column":8},"end":{"line":22,"column":10}},{"start":{"line":22,"column":14},"end":{"line":22,"column":35}}],"line":22},"6":{"loc":{"start":{"line":25,"column":18},"end":{"line":25,"column":45}},"type":"binary-expr","locations":[{"start":{"line":25,"column":18},"end":{"line":25,"column":20}},{"start":{"line":25,"column":24},"end":{"line":25,"column":45}}],"line":25}},"s":{"0":2,"1":2,"2":11,"3":11,"4":3,"5":3,"6":4,"7":8,"8":8,"9":8,"10":3,"11":3,"12":3,"13":1,"14":1,"15":2,"16":2,"17":0,"18":0,"19":0},"f":{"0":2,"1":11,"2":4,"3":3,"4":2,"5":0,"6":0},"b":{"0":[3,8],"1":[3,1],"2":[2],"3":[3,0],"4":[1,2],"5":[1,1],"6":[2,2]},"_coverageSchema":"1a1c01bbd47fc00a2c39e90264f33305004495a9","hash":"6bdc2ea0f06a02deaec2dcd17125bb1eea43f6ac"}
,"/Users/wxkmac/Documents/Github/stack-keep-alive/src/core/index.js": {"path":"/Users/wxkmac/Documents/Github/stack-keep-alive/src/core/index.js","statementMap":{"0":{"start":{"line":20,"column":4},"end":{"line":20,"column":24}},"1":{"start":{"line":21,"column":4},"end":{"line":21,"column":41}},"2":{"start":{"line":22,"column":4},"end":{"line":22,"column":25}},"3":{"start":{"line":23,"column":4},"end":{"line":23,"column":27}},"4":{"start":{"line":24,"column":4},"end":{"line":24,"column":28}},"5":{"start":{"line":25,"column":4},"end":{"line":25,"column":37}},"6":{"start":{"line":26,"column":4},"end":{"line":26,"column":27}},"7":{"start":{"line":27,"column":4},"end":{"line":27,"column":36}},"8":{"start":{"line":28,"column":4},"end":{"line":28,"column":24}},"9":{"start":{"line":29,"column":4},"end":{"line":29,"column":20}},"10":{"start":{"line":30,"column":4},"end":{"line":30,"column":41}},"11":{"start":{"line":31,"column":4},"end":{"line":31,"column":26}},"12":{"start":{"line":32,"column":4},"end":{"line":36,"column":7}},"13":{"start":{"line":33,"column":6},"end":{"line":35,"column":7}},"14":{"start":{"line":34,"column":8},"end":{"line":34,"column":43}},"15":{"start":{"line":37,"column":4},"end":{"line":37,"column":16}},"16":{"start":{"line":41,"column":4},"end":{"line":41,"column":28}},"17":{"start":{"line":42,"column":4},"end":{"line":42,"column":23}},"18":{"start":{"line":43,"column":4},"end":{"line":43,"column":22}},"19":{"start":{"line":47,"column":27},"end":{"line":47,"column":39}},"20":{"start":{"line":48,"column":4},"end":{"line":52,"column":5}},"21":{"start":{"line":49,"column":6},"end":{"line":49,"column":43}},"22":{"start":{"line":51,"column":6},"end":{"line":51,"column":23}},"23":{"start":{"line":58,"column":4},"end":{"line":58,"column":24}},"24":{"start":{"line":65,"column":23},"end":{"line":65,"column":27}},"25":{"start":{"line":66,"column":4},"end":{"line":73,"column":5}},"26":{"start":{"line":67,"column":6},"end":{"line":67,"column":27}},"27":{"start":{"line":68,"column":6},"end":{"line":68,"column":47}},"28":{"start":{"line":69,"column":11},"end":{"line":73,"column":5}},"29":{"start":{"line":70,"column":6},"end":{"line":70,"column":51}},"30":{"start":{"line":72,"column":6},"end":{"line":72,"column":51}},"31":{"start":{"line":79,"column":23},"end":{"line":79,"column":27}},"32":{"start":{"line":80,"column":4},"end":{"line":81,"column":6}},"33":{"start":{"line":82,"column":4},"end":{"line":105,"column":7}},"34":{"start":{"line":83,"column":6},"end":{"line":83,"column":38}},"35":{"start":{"line":85,"column":6},"end":{"line":104,"column":9}},"36":{"start":{"line":86,"column":24},"end":{"line":86,"column":38}},"37":{"start":{"line":87,"column":32},"end":{"line":87,"column":56}},"38":{"start":{"line":88,"column":8},"end":{"line":96,"column":9}},"39":{"start":{"line":89,"column":10},"end":{"line":89,"column":42}},"40":{"start":{"line":90,"column":15},"end":{"line":96,"column":9}},"41":{"start":{"line":91,"column":10},"end":{"line":91,"column":42}},"42":{"start":{"line":92,"column":15},"end":{"line":96,"column":9}},"43":{"start":{"line":93,"column":10},"end":{"line":93,"column":39}},"44":{"start":{"line":95,"column":10},"end":{"line":95,"column":39}},"45":{"start":{"line":98,"column":8},"end":{"line":98,"column":27}},"46":{"start":{"line":100,"column":8},"end":{"line":100,"column":44}},"47":{"start":{"line":101,"column":8},"end":{"line":103,"column":9}},"48":{"start":{"line":102,"column":10},"end":{"line":102,"column":43}},"49":{"start":{"line":111,"column":4},"end":{"line":111,"column":52}},"50":{"start":{"line":112,"column":4},"end":{"line":125,"column":6}},"51":{"start":{"line":114,"column":6},"end":{"line":114,"column":28}},"52":{"start":{"line":115,"column":6},"end":{"line":115,"column":55}},"53":{"start":{"line":117,"column":6},"end":{"line":117,"column":29}},"54":{"start":{"line":118,"column":6},"end":{"line":118,"column":38}},"55":{"start":{"line":121,"column":6},"end":{"line":121,"column":29}},"56":{"start":{"line":124,"column":6},"end":{"line":124,"column":29}},"57":{"start":{"line":129,"column":4},"end":{"line":129,"column":50}},"58":{"start":{"line":132,"column":4},"end":{"line":132,"column":47}},"59":{"start":{"line":133,"column":4},"end":{"line":133,"column":50}},"60":{"start":{"line":134,"column":4},"end":{"line":134,"column":33}},"61":{"start":{"line":135,"column":4},"end":{"line":135,"column":20}},"62":{"start":{"line":138,"column":4},"end":{"line":138,"column":28}},"63":{"start":{"line":139,"column":4},"end":{"line":139,"column":32}},"64":{"start":{"line":140,"column":4},"end":{"line":140,"column":50}},"65":{"start":{"line":144,"column":30},"end":{"line":144,"column":80}},"66":{"start":{"line":146,"column":6},"end":{"line":148,"column":24}},"67":{"start":{"line":150,"column":4},"end":{"line":155,"column":5}},"68":{"start":{"line":152,"column":6},"end":{"line":152,"column":34}},"69":{"start":{"line":153,"column":11},"end":{"line":155,"column":5}},"70":{"start":{"line":157,"column":4},"end":{"line":157,"column":20}},"71":{"start":{"line":158,"column":4},"end":{"line":158,"column":37}},"72":{"start":{"line":159,"column":4},"end":{"line":159,"column":50}},"73":{"start":{"line":160,"column":4},"end":{"line":160,"column":27}},"74":{"start":{"line":161,"column":4},"end":{"line":161,"column":36}},"75":{"start":{"line":164,"column":4},"end":{"line":164,"column":37}},"76":{"start":{"line":167,"column":4},"end":{"line":171,"column":5}},"77":{"start":{"line":168,"column":22},"end":{"line":168,"column":34}},"78":{"start":{"line":169,"column":16},"end":{"line":169,"column":61}},"79":{"start":{"line":170,"column":6},"end":{"line":170,"column":14}},"80":{"start":{"line":172,"column":4},"end":{"line":172,"column":17}},"81":{"start":{"line":175,"column":4},"end":{"line":175,"column":30}},"82":{"start":{"line":178,"column":4},"end":{"line":178,"column":29}},"83":{"start":{"line":181,"column":4},"end":{"line":181,"column":29}},"84":{"start":{"line":182,"column":4},"end":{"line":182,"column":45}},"85":{"start":{"line":185,"column":4},"end":{"line":185,"column":37}},"86":{"start":{"line":188,"column":4},"end":{"line":188,"column":37}}},"fnMap":{"0":{"name":"(anonymous_0)","decl":{"start":{"line":19,"column":2},"end":{"line":19,"column":3}},"loc":{"start":{"line":19,"column":57},"end":{"line":38,"column":3}},"line":19},"1":{"name":"(anonymous_1)","decl":{"start":{"line":32,"column":41},"end":{"line":32,"column":42}},"loc":{"start":{"line":32,"column":50},"end":{"line":36,"column":5}},"line":32},"2":{"name":"(anonymous_2)","decl":{"start":{"line":40,"column":2},"end":{"line":40,"column":3}},"loc":{"start":{"line":40,"column":9},"end":{"line":44,"column":3}},"line":40},"3":{"name":"(anonymous_3)","decl":{"start":{"line":46,"column":2},"end":{"line":46,"column":3}},"loc":{"start":{"line":46,"column":21},"end":{"line":53,"column":3}},"line":46},"4":{"name":"(anonymous_4)","decl":{"start":{"line":57,"column":2},"end":{"line":57,"column":3}},"loc":{"start":{"line":57,"column":26},"end":{"line":59,"column":3}},"line":57},"5":{"name":"(anonymous_5)","decl":{"start":{"line":64,"column":2},"end":{"line":64,"column":3}},"loc":{"start":{"line":64,"column":19},"end":{"line":74,"column":3}},"line":64},"6":{"name":"(anonymous_6)","decl":{"start":{"line":78,"column":2},"end":{"line":78,"column":3}},"loc":{"start":{"line":78,"column":16},"end":{"line":106,"column":3}},"line":78},"7":{"name":"(anonymous_7)","decl":{"start":{"line":80,"column":22},"end":{"line":80,"column":23}},"loc":{"start":{"line":80,"column":36},"end":{"line":81,"column":5}},"line":80},"8":{"name":"(anonymous_8)","decl":{"start":{"line":82,"column":21},"end":{"line":82,"column":22}},"loc":{"start":{"line":82,"column":35},"end":{"line":105,"column":5}},"line":82},"9":{"name":"(anonymous_9)","decl":{"start":{"line":85,"column":15},"end":{"line":85,"column":16}},"loc":{"start":{"line":85,"column":21},"end":{"line":104,"column":7}},"line":85},"10":{"name":"(anonymous_10)","decl":{"start":{"line":110,"column":2},"end":{"line":110,"column":3}},"loc":{"start":{"line":110,"column":15},"end":{"line":126,"column":3}},"line":110},"11":{"name":"(anonymous_11)","decl":{"start":{"line":113,"column":19},"end":{"line":113,"column":20}},"loc":{"start":{"line":113,"column":23},"end":{"line":116,"column":5}},"line":113},"12":{"name":"(anonymous_12)","decl":{"start":{"line":116,"column":6},"end":{"line":116,"column":7}},"loc":{"start":{"line":116,"column":11},"end":{"line":119,"column":5}},"line":116},"13":{"name":"(anonymous_13)","decl":{"start":{"line":120,"column":14},"end":{"line":120,"column":15}},"loc":{"start":{"line":120,"column":18},"end":{"line":122,"column":5}},"line":120},"14":{"name":"(anonymous_14)","decl":{"start":{"line":123,"column":16},"end":{"line":123,"column":17}},"loc":{"start":{"line":123,"column":20},"end":{"line":125,"column":5}},"line":123},"15":{"name":"(anonymous_15)","decl":{"start":{"line":128,"column":2},"end":{"line":128,"column":3}},"loc":{"start":{"line":128,"column":16},"end":{"line":130,"column":3}},"line":128},"16":{"name":"(anonymous_16)","decl":{"start":{"line":131,"column":2},"end":{"line":131,"column":3}},"loc":{"start":{"line":131,"column":13},"end":{"line":136,"column":3}},"line":131},"17":{"name":"(anonymous_17)","decl":{"start":{"line":137,"column":2},"end":{"line":137,"column":3}},"loc":{"start":{"line":137,"column":13},"end":{"line":141,"column":3}},"line":137},"18":{"name":"(anonymous_18)","decl":{"start":{"line":142,"column":2},"end":{"line":142,"column":3}},"loc":{"start":{"line":142,"column":16},"end":{"line":162,"column":3}},"line":142},"19":{"name":"(anonymous_19)","decl":{"start":{"line":163,"column":2},"end":{"line":163,"column":3}},"loc":{"start":{"line":163,"column":18},"end":{"line":165,"column":3}},"line":163},"20":{"name":"(anonymous_20)","decl":{"start":{"line":166,"column":2},"end":{"line":166,"column":3}},"loc":{"start":{"line":166,"column":15},"end":{"line":173,"column":3}},"line":166},"21":{"name":"(anonymous_21)","decl":{"start":{"line":174,"column":2},"end":{"line":174,"column":3}},"loc":{"start":{"line":174,"column":21},"end":{"line":176,"column":3}},"line":174},"22":{"name":"(anonymous_22)","decl":{"start":{"line":177,"column":2},"end":{"line":177,"column":3}},"loc":{"start":{"line":177,"column":23},"end":{"line":179,"column":3}},"line":177},"23":{"name":"(anonymous_23)","decl":{"start":{"line":180,"column":2},"end":{"line":180,"column":3}},"loc":{"start":{"line":180,"column":15},"end":{"line":183,"column":3}},"line":180},"24":{"name":"(anonymous_24)","decl":{"start":{"line":184,"column":2},"end":{"line":184,"column":3}},"loc":{"start":{"line":184,"column":25},"end":{"line":186,"column":3}},"line":184},"25":{"name":"(anonymous_25)","decl":{"start":{"line":187,"column":2},"end":{"line":187,"column":3}},"loc":{"start":{"line":187,"column":25},"end":{"line":189,"column":3}},"line":187}},"branchMap":{"0":{"loc":{"start":{"line":30,"column":23},"end":{"line":30,"column":40}},"type":"binary-expr","locations":[{"start":{"line":30,"column":23},"end":{"line":30,"column":34}},{"start":{"line":30,"column":38},"end":{"line":30,"column":40}}],"line":30},"1":{"loc":{"start":{"line":33,"column":6},"end":{"line":35,"column":7}},"type":"if","locations":[{"start":{"line":33,"column":6},"end":{"line":35,"column":7}},{"start":{},"end":{}}],"line":33},"2":{"loc":{"start":{"line":48,"column":4},"end":{"line":52,"column":5}},"type":"if","locations":[{"start":{"line":48,"column":4},"end":{"line":52,"column":5}},{"start":{"line":50,"column":11},"end":{"line":52,"column":5}}],"line":48},"3":{"loc":{"start":{"line":66,"column":4},"end":{"line":73,"column":5}},"type":"if","locations":[{"start":{"line":66,"column":4},"end":{"line":73,"column":5}},{"start":{"line":69,"column":11},"end":{"line":73,"column":5}}],"line":66},"4":{"loc":{"start":{"line":66,"column":8},"end":{"line":66,"column":39}},"type":"binary-expr","locations":[{"start":{"line":66,"column":8},"end":{"line":66,"column":22}},{"start":{"line":66,"column":26},"end":{"line":66,"column":39}}],"line":66},"5":{"loc":{"start":{"line":69,"column":11},"end":{"line":73,"column":5}},"type":"if","locations":[{"start":{"line":69,"column":11},"end":{"line":73,"column":5}},{"start":{"line":71,"column":11},"end":{"line":73,"column":5}}],"line":69},"6":{"loc":{"start":{"line":88,"column":8},"end":{"line":96,"column":9}},"type":"if","locations":[{"start":{"line":88,"column":8},"end":{"line":96,"column":9}},{"start":{"line":90,"column":15},"end":{"line":96,"column":9}}],"line":88},"7":{"loc":{"start":{"line":90,"column":15},"end":{"line":96,"column":9}},"type":"if","locations":[{"start":{"line":90,"column":15},"end":{"line":96,"column":9}},{"start":{"line":92,"column":15},"end":{"line":96,"column":9}}],"line":90},"8":{"loc":{"start":{"line":92,"column":15},"end":{"line":96,"column":9}},"type":"if","locations":[{"start":{"line":92,"column":15},"end":{"line":96,"column":9}},{"start":{"line":94,"column":15},"end":{"line":96,"column":9}}],"line":92},"9":{"loc":{"start":{"line":101,"column":8},"end":{"line":103,"column":9}},"type":"if","locations":[{"start":{"line":101,"column":8},"end":{"line":103,"column":9}},{"start":{},"end":{}}],"line":101},"10":{"loc":{"start":{"line":146,"column":6},"end":{"line":148,"column":24}},"type":"binary-expr","locations":[{"start":{"line":146,"column":6},"end":{"line":146,"column":85}},{"start":{"line":148,"column":6},"end":{"line":148,"column":24}}],"line":146},"11":{"loc":{"start":{"line":146,"column":8},"end":{"line":146,"column":84}},"type":"binary-expr","locations":[{"start":{"line":146,"column":8},"end":{"line":146,"column":34}},{"start":{"line":146,"column":38},"end":{"line":146,"column":84}}],"line":146},"12":{"loc":{"start":{"line":150,"column":4},"end":{"line":155,"column":5}},"type":"if","locations":[{"start":{"line":150,"column":4},"end":{"line":155,"column":5}},{"start":{"line":153,"column":11},"end":{"line":155,"column":5}}],"line":150},"13":{"loc":{"start":{"line":153,"column":11},"end":{"line":155,"column":5}},"type":"if","locations":[{"start":{"line":153,"column":11},"end":{"line":155,"column":5}},{"start":{},"end":{}}],"line":153},"14":{"loc":{"start":{"line":167,"column":4},"end":{"line":171,"column":5}},"type":"if","locations":[{"start":{"line":167,"column":4},"end":{"line":171,"column":5}},{"start":{},"end":{}}],"line":167},"15":{"loc":{"start":{"line":169,"column":16},"end":{"line":169,"column":61}},"type":"binary-expr","locations":[{"start":{"line":169,"column":16},"end":{"line":169,"column":31}},{"start":{"line":169,"column":35},"end":{"line":169,"column":61}}],"line":169}},"s":{"0":2,"1":2,"2":2,"3":2,"4":2,"5":2,"6":2,"7":2,"8":2,"9":2,"10":2,"11":2,"12":2,"13":3,"14":3,"15":2,"16":2,"17":2,"18":2,"19":2,"20":2,"21":0,"22":2,"23":4,"24":20,"25":20,"26":6,"27":6,"28":14,"29":12,"30":2,"31":2,"32":2,"33":2,"34":11,"35":11,"36":11,"37":11,"38":11,"39":2,"40":9,"41":2,"42":7,"43":5,"44":2,"45":11,"46":11,"47":11,"48":11,"49":2,"50":2,"51":2,"52":2,"53":0,"54":0,"55":2,"56":5,"57":2,"58":5,"59":5,"60":5,"61":5,"62":2,"63":2,"64":2,"65":2,"66":2,"67":2,"68":1,"69":1,"70":2,"71":2,"72":2,"73":2,"74":2,"75":11,"76":21,"77":21,"78":21,"79":21,"80":0,"81":44,"82":9,"83":9,"84":9,"85":5,"86":2},"f":{"0":2,"1":3,"2":2,"3":2,"4":4,"5":20,"6":2,"7":11,"8":11,"9":11,"10":2,"11":2,"12":0,"13":2,"14":5,"15":2,"16":5,"17":2,"18":2,"19":11,"20":21,"21":44,"22":9,"23":9,"24":5,"25":2},"b":{"0":[2,1],"1":[3,0],"2":[0,2],"3":[6,14],"4":[20,18],"5":[12,2],"6":[2,9],"7":[2,7],"8":[5,2],"9":[11,0],"10":[2,1],"11":[2,2],"12":[1,1],"13":[1,0],"14":[21,0],"15":[21,21]},"_coverageSchema":"1a1c01bbd47fc00a2c39e90264f33305004495a9","hash":"036d6ddfb265b7ad11116530daa0198c8b7d65f6"}
,"/Users/wxkmac/Documents/Github/stack-keep-alive/src/core/utils.js": {"path":"/Users/wxkmac/Documents/Github/stack-keep-alive/src/core/utils.js","statementMap":{"0":{"start":{"line":1,"column":21},"end":{"line":3,"column":1}},"1":{"start":{"line":2,"column":2},"end":{"line":2,"column":39}},"2":{"start":{"line":4,"column":23},"end":{"line":6,"column":1}},"3":{"start":{"line":7,"column":29},"end":{"line":9,"column":1}},"4":{"start":{"line":8,"column":2},"end":{"line":8,"column":40}},"5":{"start":{"line":10,"column":31},"end":{"line":12,"column":1}},"6":{"start":{"line":11,"column":2},"end":{"line":11,"column":51}},"7":{"start":{"line":13,"column":31},"end":{"line":13,"column":63}},"8":{"start":{"line":13,"column":39},"end":{"line":13,"column":63}},"9":{"start":{"line":15,"column":26},"end":{"line":18,"column":1}},"10":{"start":{"line":16,"column":16},"end":{"line":16,"column":33}},"11":{"start":{"line":17,"column":2},"end":{"line":17,"column":45}},"12":{"start":{"line":20,"column":24},"end":{"line":31,"column":1}},"13":{"start":{"line":21,"column":14},"end":{"line":21,"column":16}},"14":{"start":{"line":22,"column":2},"end":{"line":26,"column":15}},"15":{"start":{"line":24,"column":15},"end":{"line":24,"column":78}},"16":{"start":{"line":27,"column":2},"end":{"line":29,"column":3}},"17":{"start":{"line":28,"column":4},"end":{"line":28,"column":24}},"18":{"start":{"line":30,"column":2},"end":{"line":30,"column":15}},"19":{"start":{"line":32,"column":24},"end":{"line":34,"column":1}},"20":{"start":{"line":33,"column":2},"end":{"line":33,"column":23}},"21":{"start":{"line":36,"column":22},"end":{"line":38,"column":1}},"22":{"start":{"line":37,"column":2},"end":{"line":37,"column":72}},"23":{"start":{"line":39,"column":28},"end":{"line":43,"column":1}},"24":{"start":{"line":40,"column":2},"end":{"line":42,"column":16}},"25":{"start":{"line":44,"column":34},"end":{"line":49,"column":1}},"26":{"start":{"line":45,"column":18},"end":{"line":45,"column":38}},"27":{"start":{"line":46,"column":2},"end":{"line":48,"column":3}},"28":{"start":{"line":47,"column":4},"end":{"line":47,"column":28}},"29":{"start":{"line":51,"column":28},"end":{"line":59,"column":1}},"30":{"start":{"line":52,"column":37},"end":{"line":52,"column":52}},"31":{"start":{"line":53,"column":13},"end":{"line":53,"column":42}},"32":{"start":{"line":54,"column":14},"end":{"line":54,"column":55}},"33":{"start":{"line":55,"column":2},"end":{"line":55,"column":19}},"34":{"start":{"line":57,"column":19},"end":{"line":57,"column":61}},"35":{"start":{"line":58,"column":2},"end":{"line":58,"column":58}},"36":{"start":{"line":61,"column":25},"end":{"line":61,"column":54}}},"fnMap":{"0":{"name":"(anonymous_0)","decl":{"start":{"line":1,"column":21},"end":{"line":1,"column":22}},"loc":{"start":{"line":1,"column":34},"end":{"line":3,"column":1}},"line":1},"1":{"name":"(anonymous_1)","decl":{"start":{"line":7,"column":29},"end":{"line":7,"column":30}},"loc":{"start":{"line":7,"column":47},"end":{"line":9,"column":1}},"line":7},"2":{"name":"(anonymous_2)","decl":{"start":{"line":10,"column":31},"end":{"line":10,"column":32}},"loc":{"start":{"line":10,"column":50},"end":{"line":12,"column":1}},"line":10},"3":{"name":"(anonymous_3)","decl":{"start":{"line":13,"column":31},"end":{"line":13,"column":32}},"loc":{"start":{"line":13,"column":39},"end":{"line":13,"column":63}},"line":13},"4":{"name":"(anonymous_4)","decl":{"start":{"line":15,"column":26},"end":{"line":15,"column":27}},"loc":{"start":{"line":15,"column":38},"end":{"line":18,"column":1}},"line":15},"5":{"name":"(anonymous_5)","decl":{"start":{"line":20,"column":24},"end":{"line":20,"column":25}},"loc":{"start":{"line":20,"column":42},"end":{"line":31,"column":1}},"line":20},"6":{"name":"(anonymous_6)","decl":{"start":{"line":24,"column":6},"end":{"line":24,"column":7}},"loc":{"start":{"line":24,"column":15},"end":{"line":24,"column":78}},"line":24},"7":{"name":"(anonymous_7)","decl":{"start":{"line":32,"column":24},"end":{"line":32,"column":25}},"loc":{"start":{"line":32,"column":36},"end":{"line":34,"column":1}},"line":32},"8":{"name":"(anonymous_8)","decl":{"start":{"line":36,"column":22},"end":{"line":36,"column":23}},"loc":{"start":{"line":36,"column":45},"end":{"line":38,"column":1}},"line":36},"9":{"name":"(anonymous_9)","decl":{"start":{"line":39,"column":28},"end":{"line":39,"column":29}},"loc":{"start":{"line":39,"column":46},"end":{"line":43,"column":1}},"line":39},"10":{"name":"(anonymous_10)","decl":{"start":{"line":44,"column":34},"end":{"line":44,"column":35}},"loc":{"start":{"line":44,"column":57},"end":{"line":49,"column":1}},"line":44},"11":{"name":"(anonymous_11)","decl":{"start":{"line":51,"column":28},"end":{"line":51,"column":29}},"loc":{"start":{"line":51,"column":56},"end":{"line":59,"column":1}},"line":51}},"branchMap":{"0":{"loc":{"start":{"line":2,"column":9},"end":{"line":2,"column":38}},"type":"binary-expr","locations":[{"start":{"line":2,"column":9},"end":{"line":2,"column":24}},{"start":{"line":2,"column":28},"end":{"line":2,"column":38}}],"line":2},"1":{"loc":{"start":{"line":11,"column":9},"end":{"line":11,"column":50}},"type":"cond-expr","locations":[{"start":{"line":11,"column":26},"end":{"line":11,"column":33}},{"start":{"line":11,"column":36},"end":{"line":11,"column":50}}],"line":11},"2":{"loc":{"start":{"line":13,"column":39},"end":{"line":13,"column":63}},"type":"binary-expr","locations":[{"start":{"line":13,"column":39},"end":{"line":13,"column":41}},{"start":{"line":13,"column":45},"end":{"line":13,"column":63}}],"line":13},"3":{"loc":{"start":{"line":17,"column":9},"end":{"line":17,"column":44}},"type":"cond-expr","locations":[{"start":{"line":17,"column":24},"end":{"line":17,"column":32}},{"start":{"line":17,"column":35},"end":{"line":17,"column":44}}],"line":17},"4":{"loc":{"start":{"line":27,"column":2},"end":{"line":29,"column":3}},"type":"if","locations":[{"start":{"line":27,"column":2},"end":{"line":29,"column":3}},{"start":{},"end":{}}],"line":27},"5":{"loc":{"start":{"line":40,"column":9},"end":{"line":42,"column":15}},"type":"cond-expr","locations":[{"start":{"line":41,"column":6},"end":{"line":41,"column":63}},{"start":{"line":42,"column":6},"end":{"line":42,"column":15}}],"line":40},"6":{"loc":{"start":{"line":46,"column":2},"end":{"line":48,"column":3}},"type":"if","locations":[{"start":{"line":46,"column":2},"end":{"line":48,"column":3}},{"start":{},"end":{}}],"line":46},"7":{"loc":{"start":{"line":46,"column":6},"end":{"line":46,"column":30}},"type":"binary-expr","locations":[{"start":{"line":46,"column":6},"end":{"line":46,"column":13}},{"start":{"line":46,"column":17},"end":{"line":46,"column":30}}],"line":46},"8":{"loc":{"start":{"line":54,"column":14},"end":{"line":54,"column":55}},"type":"cond-expr","locations":[{"start":{"line":54,"column":37},"end":{"line":54,"column":50}},{"start":{"line":54,"column":53},"end":{"line":54,"column":55}}],"line":54},"9":{"loc":{"start":{"line":58,"column":34},"end":{"line":58,"column":56}},"type":"cond-expr","locations":[{"start":{"line":58,"column":45},"end":{"line":58,"column":49}},{"start":{"line":58,"column":52},"end":{"line":58,"column":56}}],"line":58}},"s":{"0":2,"1":68,"2":2,"3":2,"4":33,"5":2,"6":11,"7":2,"8":11,"9":2,"10":23,"11":23,"12":2,"13":0,"14":0,"15":0,"16":0,"17":0,"18":0,"19":2,"20":23,"21":2,"22":20,"23":2,"24":11,"25":2,"26":0,"27":0,"28":0,"29":2,"30":9,"31":9,"32":9,"33":9,"34":9,"35":9,"36":2},"f":{"0":68,"1":33,"2":11,"3":11,"4":23,"5":0,"6":0,"7":23,"8":20,"9":11,"10":0,"11":9},"b":{"0":[68,66],"1":[11,0],"2":[11,11],"3":[23,0],"4":[0,0],"5":[11,0],"6":[0,0],"7":[0,0],"8":[9,0],"9":[0,9]},"_coverageSchema":"1a1c01bbd47fc00a2c39e90264f33305004495a9","hash":"19cd2f9be50c1d88d7fcc0d3ecc03f40a43b0f08"}
,"/Users/wxkmac/Documents/Github/stack-keep-alive/src/depens/apiAsyncComponent.js": {"path":"/Users/wxkmac/Documents/Github/stack-keep-alive/src/depens/apiAsyncComponent.js","statementMap":{"0":{"start":{"line":1,"column":30},"end":{"line":1,"column":54}},"1":{"start":{"line":1,"column":37},"end":{"line":1,"column":54}}},"fnMap":{"0":{"name":"(anonymous_0)","decl":{"start":{"line":1,"column":30},"end":{"line":1,"column":31}},"loc":{"start":{"line":1,"column":37},"end":{"line":1,"column":54}},"line":1}},"branchMap":{},"s":{"0":2,"1":11},"f":{"0":11},"b":{},"_coverageSchema":"1a1c01bbd47fc00a2c39e90264f33305004495a9","hash":"e45091256394a487b5ddf837bc9130cc3ce730cb"}
,"/Users/wxkmac/Documents/Github/stack-keep-alive/src/depens/component.js": {"path":"/Users/wxkmac/Documents/Github/stack-keep-alive/src/depens/component.js","statementMap":{"0":{"start":{"line":6,"column":4},"end":{"line":8,"column":22}}},"fnMap":{"0":{"name":"getComponentName","decl":{"start":{"line":5,"column":16},"end":{"line":5,"column":32}},"loc":{"start":{"line":5,"column":44},"end":{"line":9,"column":3}},"line":5}},"branchMap":{"0":{"loc":{"start":{"line":6,"column":11},"end":{"line":8,"column":22}},"type":"cond-expr","locations":[{"start":{"line":7,"column":8},"end":{"line":7,"column":47}},{"start":{"line":8,"column":8},"end":{"line":8,"column":22}}],"line":6},"1":{"loc":{"start":{"line":7,"column":8},"end":{"line":7,"column":47}},"type":"binary-expr","locations":[{"start":{"line":7,"column":8},"end":{"line":7,"column":29}},{"start":{"line":7,"column":33},"end":{"line":7,"column":47}}],"line":7}},"s":{"0":11},"f":{"0":11},"b":{"0":[0,11],"1":[0,0]},"_coverageSchema":"1a1c01bbd47fc00a2c39e90264f33305004495a9","hash":"6cbf1684507091ad0f35165809cd124c53dafbf2"}
,"/Users/wxkmac/Documents/Github/stack-keep-alive/src/depens/renderer.js": {"path":"/Users/wxkmac/Documents/Github/stack-keep-alive/src/depens/renderer.js","statementMap":{"0":{"start":{"line":4,"column":24},"end":{"line":8,"column":3}},"1":{"start":{"line":14,"column":4},"end":{"line":22,"column":5}},"2":{"start":{"line":15,"column":6},"end":{"line":19,"column":7}},"3":{"start":{"line":16,"column":8},"end":{"line":16,"column":36}},"4":{"start":{"line":18,"column":8},"end":{"line":18,"column":33}},"5":{"start":{"line":21,"column":6},"end":{"line":21,"column":26}},"6":{"start":{"line":24,"column":37},"end":{"line":26,"column":20}}},"fnMap":{"0":{"name":"queueEffectWithSuspense","decl":{"start":{"line":10,"column":9},"end":{"line":10,"column":32}},"loc":{"start":{"line":13,"column":4},"end":{"line":23,"column":3}},"line":13}},"branchMap":{"0":{"loc":{"start":{"line":14,"column":4},"end":{"line":22,"column":5}},"type":"if","locations":[{"start":{"line":14,"column":4},"end":{"line":22,"column":5}},{"start":{"line":20,"column":11},"end":{"line":22,"column":5}}],"line":14},"1":{"loc":{"start":{"line":14,"column":8},"end":{"line":14,"column":42}},"type":"binary-expr","locations":[{"start":{"line":14,"column":8},"end":{"line":14,"column":16}},{"start":{"line":14,"column":20},"end":{"line":14,"column":42}}],"line":14},"2":{"loc":{"start":{"line":15,"column":6},"end":{"line":19,"column":7}},"type":"if","locations":[{"start":{"line":15,"column":6},"end":{"line":19,"column":7}},{"start":{"line":17,"column":13},"end":{"line":19,"column":7}}],"line":15},"3":{"loc":{"start":{"line":24,"column":37},"end":{"line":26,"column":20}},"type":"cond-expr","locations":[{"start":{"line":25,"column":4},"end":{"line":25,"column":27}},{"start":{"line":26,"column":4},"end":{"line":26,"column":20}}],"line":24}},"s":{"0":2,"1":0,"2":0,"3":0,"4":0,"5":0,"6":2},"f":{"0":0},"b":{"0":[0,0],"1":[0,0],"2":[0,0],"3":[0,2]},"_coverageSchema":"1a1c01bbd47fc00a2c39e90264f33305004495a9","hash":"a93d0bc7a19f08297861d78e664ab2522e772350"}
,"/Users/wxkmac/Documents/Github/stack-keep-alive/src/depens/share.js": {"path":"/Users/wxkmac/Documents/Github/stack-keep-alive/src/depens/share.js","statementMap":{"0":{"start":{"line":1,"column":26},"end":{"line":13,"column":3}},"1":{"start":{"line":15,"column":28},"end":{"line":15,"column":60}},"2":{"start":{"line":15,"column":35},"end":{"line":15,"column":60}},"3":{"start":{"line":17,"column":32},"end":{"line":21,"column":3}},"4":{"start":{"line":18,"column":4},"end":{"line":20,"column":5}},"5":{"start":{"line":18,"column":17},"end":{"line":18,"column":18}},"6":{"start":{"line":19,"column":6},"end":{"line":19,"column":17}}},"fnMap":{"0":{"name":"(anonymous_0)","decl":{"start":{"line":15,"column":28},"end":{"line":15,"column":29}},"loc":{"start":{"line":15,"column":35},"end":{"line":15,"column":60}},"line":15},"1":{"name":"(anonymous_1)","decl":{"start":{"line":17,"column":32},"end":{"line":17,"column":33}},"loc":{"start":{"line":17,"column":53},"end":{"line":21,"column":3}},"line":17}},"branchMap":{"0":{"loc":{"start":{"line":17,"column":38},"end":{"line":17,"column":48}},"type":"default-arg","locations":[{"start":{"line":17,"column":44},"end":{"line":17,"column":48}}],"line":17}},"s":{"0":2,"1":2,"2":11,"3":2,"4":11,"5":11,"6":11},"f":{"0":11,"1":11},"b":{"0":[11]},"_coverageSchema":"1a1c01bbd47fc00a2c39e90264f33305004495a9","hash":"e60e2e6b36a33f3c27c4edbc72b664f78355f630"}
,"/Users/wxkmac/Documents/Github/stack-keep-alive/src/depens/vnode.js": {"path":"/Users/wxkmac/Documents/Github/stack-keep-alive/src/depens/vnode.js","statementMap":{"0":{"start":{"line":2,"column":19},"end":{"line":2,"column":20}},"1":{"start":{"line":9,"column":4},"end":{"line":12,"column":6}}},"fnMap":{"0":{"name":"invokeVNodeHook","decl":{"start":{"line":3,"column":16},"end":{"line":3,"column":31}},"loc":{"start":{"line":8,"column":4},"end":{"line":13,"column":3}},"line":8}},"branchMap":{"0":{"loc":{"start":{"line":7,"column":4},"end":{"line":7,"column":20}},"type":"default-arg","locations":[{"start":{"line":7,"column":16},"end":{"line":7,"column":20}}],"line":7}},"s":{"0":2,"1":9},"f":{"0":9},"b":{"0":[9]},"_coverageSchema":"1a1c01bbd47fc00a2c39e90264f33305004495a9","hash":"6640fe54953a2e5886742e2f12fbb3722337d5f2"}
,"/Users/wxkmac/Documents/Github/stack-keep-alive/src/hacks/hackHistory.js": {"path":"/Users/wxkmac/Documents/Github/stack-keep-alive/src/hacks/hackHistory.js","statementMap":{"0":{"start":{"line":2,"column":16},"end":{"line":2,"column":36}},"1":{"start":{"line":3,"column":2},"end":{"line":7,"column":4}},"2":{"start":{"line":4,"column":16},"end":{"line":4,"column":48}},"3":{"start":{"line":5,"column":14},"end":{"line":5,"column":39}},"4":{"start":{"line":6,"column":4},"end":{"line":6,"column":37}},"5":{"start":{"line":8,"column":27},"end":{"line":8,"column":44}},"6":{"start":{"line":9,"column":2},"end":{"line":13,"column":4}},"7":{"start":{"line":10,"column":16},"end":{"line":10,"column":48}},"8":{"start":{"line":11,"column":14},"end":{"line":11,"column":39}},"9":{"start":{"line":12,"column":4},"end":{"line":12,"column":48}}},"fnMap":{"0":{"name":"hackHistory","decl":{"start":{"line":1,"column":16},"end":{"line":1,"column":27}},"loc":{"start":{"line":1,"column":37},"end":{"line":14,"column":1}},"line":1},"1":{"name":"(anonymous_1)","decl":{"start":{"line":3,"column":25},"end":{"line":3,"column":26}},"loc":{"start":{"line":3,"column":52},"end":{"line":7,"column":3}},"line":3},"2":{"name":"(anonymous_2)","decl":{"start":{"line":9,"column":22},"end":{"line":9,"column":23}},"loc":{"start":{"line":9,"column":49},"end":{"line":13,"column":3}},"line":9}},"branchMap":{},"s":{"0":2,"1":2,"2":18,"3":18,"4":18,"5":2,"6":2,"7":5,"8":5,"9":5},"f":{"0":2,"1":18,"2":5},"b":{},"_coverageSchema":"1a1c01bbd47fc00a2c39e90264f33305004495a9","hash":"e403bc3f33384460a7c27f9a5b662ed27a96d45b"}
,"/Users/wxkmac/Documents/Github/stack-keep-alive/src/hacks/hackRouter.js": {"path":"/Users/wxkmac/Documents/Github/stack-keep-alive/src/hacks/hackRouter.js","statementMap":{"0":{"start":{"line":4,"column":4},"end":{"line":4,"column":24}},"1":{"start":{"line":8,"column":19},"end":{"line":8,"column":30}},"2":{"start":{"line":9,"column":17},"end":{"line":9,"column":31}},"3":{"start":{"line":10,"column":18},"end":{"line":16,"column":5}},"4":{"start":{"line":11,"column":6},"end":{"line":11,"column":10}},"5":{"start":{"line":12,"column":6},"end":{"line":15,"column":9}},"6":{"start":{"line":13,"column":8},"end":{"line":13,"column":17}},"7":{"start":{"line":14,"column":8},"end":{"line":14,"column":37}},"8":{"start":{"line":17,"column":4},"end":{"line":19,"column":6}},"9":{"start":{"line":18,"column":6},"end":{"line":18,"column":43}},"10":{"start":{"line":20,"column":4},"end":{"line":20,"column":15}},"11":{"start":{"line":24,"column":23},"end":{"line":24,"column":27}},"12":{"start":{"line":25,"column":18},"end":{"line":25,"column":27}},"13":{"start":{"line":26,"column":19},"end":{"line":29,"column":5}},"14":{"start":{"line":27,"column":6},"end":{"line":27,"column":10}},"15":{"start":{"line":28,"column":6},"end":{"line":28,"column":40}},"16":{"start":{"line":30,"column":4},"end":{"line":32,"column":6}},"17":{"start":{"line":31,"column":6},"end":{"line":31,"column":25}},"18":{"start":{"line":33,"column":4},"end":{"line":33,"column":15}},"19":{"start":{"line":37,"column":23},"end":{"line":37,"column":27}},"20":{"start":{"line":38,"column":18},"end":{"line":38,"column":29}},"21":{"start":{"line":39,"column":19},"end":{"line":46,"column":5}},"22":{"start":{"line":40,"column":6},"end":{"line":40,"column":10}},"23":{"start":{"line":41,"column":6},"end":{"line":45,"column":7}},"24":{"start":{"line":42,"column":8},"end":{"line":42,"column":65}},"25":{"start":{"line":44,"column":8},"end":{"line":44,"column":58}},"26":{"start":{"line":47,"column":4},"end":{"line":49,"column":6}},"27":{"start":{"line":48,"column":6},"end":{"line":48,"column":51}},"28":{"start":{"line":50,"column":4},"end":{"line":50,"column":15}}},"fnMap":{"0":{"name":"(anonymous_0)","decl":{"start":{"line":3,"column":2},"end":{"line":3,"column":3}},"loc":{"start":{"line":3,"column":22},"end":{"line":5,"column":3}},"line":3},"1":{"name":"(anonymous_1)","decl":{"start":{"line":7,"column":2},"end":{"line":7,"column":3}},"loc":{"start":{"line":7,"column":28},"end":{"line":21,"column":3}},"line":7},"2":{"name":"(anonymous_2)","decl":{"start":{"line":10,"column":18},"end":{"line":10,"column":19}},"loc":{"start":{"line":10,"column":53},"end":{"line":16,"column":5}},"line":10},"3":{"name":"(anonymous_3)","decl":{"start":{"line":12,"column":46},"end":{"line":12,"column":47}},"loc":{"start":{"line":12,"column":53},"end":{"line":15,"column":7}},"line":12},"4":{"name":"(anonymous_4)","decl":{"start":{"line":17,"column":21},"end":{"line":17,"column":22}},"loc":{"start":{"line":17,"column":62},"end":{"line":19,"column":5}},"line":17},"5":{"name":"(anonymous_5)","decl":{"start":{"line":23,"column":2},"end":{"line":23,"column":3}},"loc":{"start":{"line":23,"column":15},"end":{"line":34,"column":3}},"line":23},"6":{"name":"(anonymous_6)","decl":{"start":{"line":26,"column":19},"end":{"line":26,"column":20}},"loc":{"start":{"line":26,"column":31},"end":{"line":29,"column":5}},"line":26},"7":{"name":"(anonymous_7)","decl":{"start":{"line":30,"column":16},"end":{"line":30,"column":17}},"loc":{"start":{"line":30,"column":31},"end":{"line":32,"column":5}},"line":30},"8":{"name":"(anonymous_8)","decl":{"start":{"line":36,"column":2},"end":{"line":36,"column":3}},"loc":{"start":{"line":36,"column":17},"end":{"line":51,"column":3}},"line":36},"9":{"name":"(anonymous_9)","decl":{"start":{"line":39,"column":19},"end":{"line":39,"column":20}},"loc":{"start":{"line":39,"column":54},"end":{"line":46,"column":5}},"line":39},"10":{"name":"(anonymous_10)","decl":{"start":{"line":47,"column":18},"end":{"line":47,"column":19}},"loc":{"start":{"line":47,"column":59},"end":{"line":49,"column":5}},"line":47}},"branchMap":{"0":{"loc":{"start":{"line":14,"column":8},"end":{"line":14,"column":36}},"type":"binary-expr","locations":[{"start":{"line":14,"column":8},"end":{"line":14,"column":22}},{"start":{"line":14,"column":26},"end":{"line":14,"column":36}}],"line":14},"1":{"loc":{"start":{"line":41,"column":6},"end":{"line":45,"column":7}},"type":"if","locations":[{"start":{"line":41,"column":6},"end":{"line":45,"column":7}},{"start":{"line":43,"column":13},"end":{"line":45,"column":7}}],"line":41},"2":{"loc":{"start":{"line":41,"column":10},"end":{"line":41,"column":67}},"type":"binary-expr","locations":[{"start":{"line":41,"column":10},"end":{"line":41,"column":21}},{"start":{"line":41,"column":25},"end":{"line":41,"column":33}},{"start":{"line":41,"column":37},"end":{"line":41,"column":67}}],"line":41}},"s":{"0":2,"1":2,"2":2,"3":2,"4":2,"5":2,"6":0,"7":0,"8":2,"9":2,"10":2,"11":2,"12":2,"13":2,"14":2,"15":2,"16":2,"17":2,"18":2,"19":2,"20":2,"21":2,"22":5,"23":5,"24":5,"25":0,"26":2,"27":5,"28":2},"f":{"0":2,"1":2,"2":2,"3":0,"4":2,"5":2,"6":2,"7":2,"8":2,"9":5,"10":5},"b":{"0":[0,0],"1":[5,0],"2":[5,5,5]},"_coverageSchema":"1a1c01bbd47fc00a2c39e90264f33305004495a9","hash":"ff3efba59720e49bd763471b9ad8d46a03858cc8"}
,"/Users/wxkmac/Documents/Github/stack-keep-alive/src/hacks/index.js": {"path":"/Users/wxkmac/Documents/Github/stack-keep-alive/src/hacks/index.js","statementMap":{},"fnMap":{},"branchMap":{},"s":{},"f":{},"b":{},"_coverageSchema":"1a1c01bbd47fc00a2c39e90264f33305004495a9","hash":"49b5916806d5f0c7161b75fd8c0988ffd2df79c7"}
,"/Users/wxkmac/Documents/Github/stack-keep-alive/test/routes.js": {"path":"/Users/wxkmac/Documents/Github/stack-keep-alive/test/routes.js","statementMap":{"0":{"start":{"line":3,"column":19},"end":{"line":32,"column":1}},"1":{"start":{"line":8,"column":4},"end":{"line":10,"column":6}},"2":{"start":{"line":13,"column":4},"end":{"line":13,"column":22}},"3":{"start":{"line":15,"column":4},"end":{"line":15,"column":36}},"4":{"start":{"line":18,"column":14},"end":{"line":18,"column":16}},"5":{"start":{"line":19,"column":4},"end":{"line":21,"column":6}},"6":{"start":{"line":24,"column":4},"end":{"line":24,"column":33}},"7":{"start":{"line":27,"column":4},"end":{"line":27,"column":34}},"8":{"start":{"line":30,"column":4},"end":{"line":30,"column":32}},"9":{"start":{"line":33,"column":19},"end":{"line":62,"column":1}},"10":{"start":{"line":37,"column":4},"end":{"line":37,"column":51}},"11":{"start":{"line":40,"column":14},"end":{"line":40,"column":16}},"12":{"start":{"line":41,"column":4},"end":{"line":43,"column":5}},"13":{"start":{"line":41,"column":21},"end":{"line":41,"column":22}},"14":{"start":{"line":42,"column":6},"end":{"line":42,"column":25}},"15":{"start":{"line":44,"column":4},"end":{"line":46,"column":6}},"16":{"start":{"line":51,"column":4},"end":{"line":51,"column":36}},"17":{"start":{"line":54,"column":4},"end":{"line":54,"column":33}},"18":{"start":{"line":57,"column":4},"end":{"line":57,"column":34}},"19":{"start":{"line":60,"column":4},"end":{"line":60,"column":32}},"20":{"start":{"line":63,"column":19},"end":{"line":81,"column":1}},"21":{"start":{"line":69,"column":6},"end":{"line":69,"column":26}},"22":{"start":{"line":73,"column":4},"end":{"line":73,"column":32}},"23":{"start":{"line":76,"column":4},"end":{"line":76,"column":34}},"24":{"start":{"line":79,"column":4},"end":{"line":79,"column":33}},"25":{"start":{"line":82,"column":20},"end":{"line":100,"column":1}},"26":{"start":{"line":88,"column":6},"end":{"line":88,"column":26}},"27":{"start":{"line":92,"column":4},"end":{"line":92,"column":35}},"28":{"start":{"line":95,"column":4},"end":{"line":95,"column":33}},"29":{"start":{"line":98,"column":4},"end":{"line":98,"column":34}},"30":{"start":{"line":102,"column":19},"end":{"line":111,"column":1}},"31":{"start":{"line":113,"column":23},"end":{"line":122,"column":1}},"32":{"start":{"line":124,"column":22},"end":{"line":129,"column":1}}},"fnMap":{"0":{"name":"(anonymous_0)","decl":{"start":{"line":7,"column":2},"end":{"line":7,"column":3}},"loc":{"start":{"line":7,"column":9},"end":{"line":11,"column":3}},"line":7},"1":{"name":"(anonymous_1)","decl":{"start":{"line":12,"column":2},"end":{"line":12,"column":3}},"loc":{"start":{"line":12,"column":17},"end":{"line":16,"column":3}},"line":12},"2":{"name":"(anonymous_2)","decl":{"start":{"line":17,"column":2},"end":{"line":17,"column":3}},"loc":{"start":{"line":17,"column":15},"end":{"line":22,"column":3}},"line":17},"3":{"name":"(anonymous_3)","decl":{"start":{"line":23,"column":2},"end":{"line":23,"column":3}},"loc":{"start":{"line":23,"column":14},"end":{"line":25,"column":3}},"line":23},"4":{"name":"(anonymous_4)","decl":{"start":{"line":26,"column":2},"end":{"line":26,"column":3}},"loc":{"start":{"line":26,"column":16},"end":{"line":28,"column":3}},"line":26},"5":{"name":"(anonymous_5)","decl":{"start":{"line":29,"column":2},"end":{"line":29,"column":3}},"loc":{"start":{"line":29,"column":14},"end":{"line":31,"column":3}},"line":29},"6":{"name":"(anonymous_6)","decl":{"start":{"line":36,"column":2},"end":{"line":36,"column":3}},"loc":{"start":{"line":36,"column":9},"end":{"line":38,"column":3}},"line":36},"7":{"name":"(anonymous_7)","decl":{"start":{"line":39,"column":2},"end":{"line":39,"column":3}},"loc":{"start":{"line":39,"column":15},"end":{"line":47,"column":3}},"line":39},"8":{"name":"(anonymous_8)","decl":{"start":{"line":50,"column":2},"end":{"line":50,"column":3}},"loc":{"start":{"line":50,"column":17},"end":{"line":52,"column":3}},"line":50},"9":{"name":"(anonymous_9)","decl":{"start":{"line":53,"column":2},"end":{"line":53,"column":3}},"loc":{"start":{"line":53,"column":14},"end":{"line":55,"column":3}},"line":53},"10":{"name":"(anonymous_10)","decl":{"start":{"line":56,"column":2},"end":{"line":56,"column":3}},"loc":{"start":{"line":56,"column":16},"end":{"line":58,"column":3}},"line":56},"11":{"name":"(anonymous_11)","decl":{"start":{"line":59,"column":2},"end":{"line":59,"column":3}},"loc":{"start":{"line":59,"column":14},"end":{"line":61,"column":3}},"line":59},"12":{"name":"(anonymous_12)","decl":{"start":{"line":68,"column":4},"end":{"line":68,"column":5}},"loc":{"start":{"line":68,"column":13},"end":{"line":70,"column":5}},"line":68},"13":{"name":"(anonymous_13)","decl":{"start":{"line":72,"column":2},"end":{"line":72,"column":3}},"loc":{"start":{"line":72,"column":14},"end":{"line":74,"column":3}},"line":72},"14":{"name":"(anonymous_14)","decl":{"start":{"line":75,"column":2},"end":{"line":75,"column":3}},"loc":{"start":{"line":75,"column":16},"end":{"line":77,"column":3}},"line":75},"15":{"name":"(anonymous_15)","decl":{"start":{"line":78,"column":2},"end":{"line":78,"column":3}},"loc":{"start":{"line":78,"column":14},"end":{"line":80,"column":3}},"line":78},"16":{"name":"(anonymous_16)","decl":{"start":{"line":87,"column":4},"end":{"line":87,"column":5}},"loc":{"start":{"line":87,"column":13},"end":{"line":89,"column":5}},"line":87},"17":{"name":"(anonymous_17)","decl":{"start":{"line":91,"column":2},"end":{"line":91,"column":3}},"loc":{"start":{"line":91,"column":16},"end":{"line":93,"column":3}},"line":91},"18":{"name":"(anonymous_18)","decl":{"start":{"line":94,"column":2},"end":{"line":94,"column":3}},"loc":{"start":{"line":94,"column":14},"end":{"line":96,"column":3}},"line":94},"19":{"name":"(anonymous_19)","decl":{"start":{"line":97,"column":2},"end":{"line":97,"column":3}},"loc":{"start":{"line":97,"column":14},"end":{"line":99,"column":3}},"line":97}},"branchMap":{},"s":{"0":2,"1":2,"2":2,"3":2,"4":2,"5":2,"6":0,"7":2,"8":3,"9":2,"10":2,"11":2,"12":2,"13":2,"14":2000,"15":2,"16":2,"17":1,"18":3,"19":3,"20":2,"21":0,"22":3,"23":2,"24":2,"25":2,"26":0,"27":2,"28":2,"29":0,"30":2,"31":2,"32":2},"f":{"0":2,"1":2,"2":2,"3":0,"4":2,"5":3,"6":2,"7":2,"8":2,"9":1,"10":3,"11":3,"12":0,"13":3,"14":2,"15":2,"16":0,"17":2,"18":2,"19":0},"b":{},"_coverageSchema":"1a1c01bbd47fc00a2c39e90264f33305004495a9","hash":"802deb8a28e00324941143858990c11d9155ed90"}
}
