TN:
SF:src/components/KeepAlive.js
FN:65,(anonymous_0)
FN:101,(anonymous_1)
FN:116,(anonymous_2)
FN:133,(anonymous_3)
FN:136,(anonymous_4)
FN:153,unmount
FN:159,pruneCache
FN:160,(anonymous_7)
FN:168,pruneCacheEntry
FN:200,(anonymous_9)
FN:201,(anonymous_10)
FN:202,(anonymous_11)
FN:203,(anonymous_12)
FN:211,(anonymous_13)
FN:220,(anonymous_14)
FN:221,(anonymous_15)
FN:236,(anonymous_16)
FN:337,matches
FN:339,(anonymous_18)
FN:349,onActivated
FN:356,onDeactivated
FN:363,registerKeepAliveHook
FN:373,(anonymous_22)
FN:401,injectToKeepAliveRoot
FN:410,(anonymous_24)
FN:415,resetShapeFlag
FN:426,getInnerChild
FN:430,normalizeSlot
FNF:28
FNH:12
FNDA:2,(anonymous_0)
FNDA:2,(anonymous_1)
FNDA:2,(anonymous_2)
FNDA:9,(anonymous_3)
FNDA:9,(anonymous_4)
FNDA:3,unmount
FNDA:0,pruneCache
FNDA:0,(anonymous_7)
FNDA:3,pruneCacheEntry
FNDA:2,(anonymous_9)
FNDA:0,(anonymous_10)
FNDA:0,(anonymous_11)
FNDA:0,(anonymous_12)
FNDA:13,(anonymous_13)
FNDA:0,(anonymous_14)
FNDA:0,(anonymous_15)
FNDA:13,(anonymous_16)
FNDA:0,matches
FNDA:0,(anonymous_18)
FNDA:0,onActivated
FNDA:0,onDeactivated
FNDA:0,registerKeepAliveHook
FNDA:0,(anonymous_22)
FNDA:0,injectToKeepAliveRoot
FNDA:0,(anonymous_24)
FNDA:3,resetShapeFlag
FNDA:22,getInnerChild
FNDA:0,normalizeSlot
DA:49,2
DA:66,2
DA:72,2
DA:76,2
DA:77,0
DA:80,2
DA:81,2
DA:83,2
DA:85,2
DA:86,2
DA:89,2
DA:98,2
DA:99,2
DA:101,2
DA:102,2
DA:103,2
DA:105,2
DA:116,2
DA:117,2
DA:118,2
DA:119,2
DA:121,2
DA:122,2
DA:123,0
DA:127,2
DA:133,2
DA:134,9
DA:135,9
DA:136,9
DA:137,9
DA:138,9
DA:140,9
DA:141,9
DA:142,9
DA:144,9
DA:147,9
DA:155,3
DA:156,3
DA:160,0
DA:161,0
DA:162,0
DA:163,0
DA:169,3
DA:170,3
DA:171,3
DA:172,0
DA:175,0
DA:177,3
DA:178,3
DA:183,2
DA:184,2
DA:186,0
DA:188,2
DA:189,0
DA:191,2
DA:192,2
DA:193,2
DA:195,2
DA:196,2
DA:199,2
DA:200,2
DA:202,0
DA:203,0
DA:210,2
DA:211,2
DA:213,13
DA:214,11
DA:217,2
DA:218,2
DA:220,2
DA:221,0
DA:222,0
DA:223,0
DA:224,0
DA:226,0
DA:228,0
DA:229,0
DA:230,0
DA:232,0
DA:236,2
DA:237,13
DA:239,13
DA:240,0
DA:243,13
DA:245,13
DA:246,13
DA:247,13
DA:248,0
DA:249,0
DA:251,0
DA:252,0
DA:253,0
DA:254,13
DA:259,2
DA:260,2
DA:261,2
DA:264,11
DA:266,11
DA:270,11
DA:276,11
DA:278,11
DA:282,0
DA:283,0
DA:286,11
DA:287,11
DA:289,11
DA:290,0
DA:291,0
DA:292,0
DA:300,11
DA:301,11
DA:303,2
DA:304,2
DA:306,2
DA:308,0
DA:311,2
DA:313,2
DA:314,2
DA:316,9
DA:318,9
DA:319,0
DA:323,11
DA:325,11
DA:326,11
DA:331,2
DA:332,0
DA:335,2
DA:338,0
DA:339,0
DA:340,0
DA:341,0
DA:342,0
DA:343,0
DA:353,0
DA:360,0
DA:372,0
DA:375,0
DA:376,0
DA:377,0
DA:378,0
DA:380,0
DA:382,0
DA:384,0
DA:390,0
DA:391,0
DA:392,0
DA:393,0
DA:394,0
DA:396,0
DA:409,0
DA:410,0
DA:411,0
DA:416,3
DA:417,3
DA:418,3
DA:420,3
DA:421,1
DA:423,3
DA:427,22
DA:431,0
DA:432,0
DA:433,0
LF:162
LH:99
BRDA:76,0,0,0
BRDA:76,0,1,2
BRDA:85,1,0,2
BRDA:85,1,1,0
BRDA:85,2,0,2
BRDA:85,2,1,0
BRDA:118,3,0,2
BRDA:118,3,1,0
BRDA:121,4,0,2
BRDA:121,4,1,2
BRDA:122,5,0,0
BRDA:122,5,1,2
BRDA:127,6,0,2
BRDA:127,6,1,0
BRDA:127,7,0,2
BRDA:127,7,1,0
BRDA:137,8,0,9
BRDA:137,8,1,0
BRDA:140,9,0,9
BRDA:140,9,1,9
BRDA:141,10,0,9
BRDA:141,10,1,0
BRDA:147,11,0,9
BRDA:147,11,1,0
BRDA:147,12,0,9
BRDA:147,12,1,0
BRDA:162,13,0,0
BRDA:162,13,1,0
BRDA:162,14,0,0
BRDA:162,14,1,0
BRDA:162,14,2,0
BRDA:170,15,0,3
BRDA:170,15,1,0
BRDA:170,16,0,3
BRDA:170,16,1,3
BRDA:172,17,0,0
BRDA:172,17,1,0
BRDA:183,18,0,2
BRDA:183,18,1,0
BRDA:188,19,0,0
BRDA:188,19,1,2
BRDA:192,20,0,2
BRDA:192,20,1,0
BRDA:192,21,0,2
BRDA:192,21,1,0
BRDA:195,22,0,2
BRDA:195,22,1,0
BRDA:202,23,0,0
BRDA:202,23,1,0
BRDA:203,24,0,0
BRDA:203,24,1,0
BRDA:213,25,0,11
BRDA:213,25,1,2
BRDA:224,26,0,0
BRDA:224,26,1,0
BRDA:229,27,0,0
BRDA:229,27,1,0
BRDA:239,28,0,0
BRDA:239,28,1,13
BRDA:247,29,0,0
BRDA:247,29,1,13
BRDA:248,30,0,0
BRDA:248,30,1,0
BRDA:254,31,0,2
BRDA:254,31,1,11
BRDA:255,32,0,13
BRDA:255,32,1,13
BRDA:255,32,2,2
BRDA:271,33,0,0
BRDA:271,33,1,11
BRDA:272,34,0,0
BRDA:272,34,1,0
BRDA:278,35,0,0
BRDA:278,35,1,11
BRDA:279,36,0,11
BRDA:279,36,1,0
BRDA:279,36,2,0
BRDA:279,36,3,11
BRDA:279,36,4,0
BRDA:279,36,5,0
BRDA:286,37,0,0
BRDA:286,37,1,11
BRDA:289,38,0,0
BRDA:289,38,1,11
BRDA:291,39,0,0
BRDA:291,39,1,0
BRDA:301,40,0,2
BRDA:301,40,1,9
BRDA:306,41,0,0
BRDA:306,41,1,2
BRDA:318,42,0,0
BRDA:318,42,1,9
BRDA:318,43,0,9
BRDA:318,43,1,0
BRDA:331,44,0,0
BRDA:331,44,1,2
BRDA:338,45,0,0
BRDA:338,45,1,0
BRDA:340,46,0,0
BRDA:340,46,1,0
BRDA:342,47,0,0
BRDA:342,47,1,0
BRDA:351,48,0,0
BRDA:358,49,0,0
BRDA:366,50,0,0
BRDA:372,51,0,0
BRDA:372,51,1,0
BRDA:377,52,0,0
BRDA:377,52,1,0
BRDA:390,53,0,0
BRDA:390,53,1,0
BRDA:392,54,0,0
BRDA:392,54,1,0
BRDA:393,55,0,0
BRDA:393,55,1,0
BRDA:417,56,0,3
BRDA:417,56,1,0
BRDA:420,57,0,1
BRDA:420,57,1,2
BRDA:427,58,0,0
BRDA:427,58,1,22
BRDA:431,59,0,0
BRDA:431,59,1,0
BRDA:433,60,0,0
BRDA:433,60,1,0
BRF:125
BRH:48
end_of_record
TN:
SF:src/core/Stack.js
FN:2,(anonymous_0)
FN:6,(anonymous_1)
FN:10,(anonymous_2)
FN:17,(anonymous_3)
FN:25,(anonymous_4)
FN:31,(anonymous_5)
FN:36,(anonymous_6)
FNF:7
FNH:5
FNDA:2,(anonymous_0)
FNDA:11,(anonymous_1)
FNDA:4,(anonymous_2)
FNDA:3,(anonymous_3)
FNDA:2,(anonymous_4)
FNDA:0,(anonymous_5)
FNDA:0,(anonymous_6)
DA:3,2
DA:4,2
DA:7,11
DA:8,11
DA:9,3
DA:10,4
DA:12,8
DA:13,8
DA:14,8
DA:18,3
DA:19,3
DA:20,3
DA:21,1
DA:22,1
DA:24,2
DA:25,2
DA:32,0
DA:33,0
DA:37,0
LF:19
LH:16
BRDA:8,0,0,3
BRDA:8,0,1,8
BRDA:9,1,0,3
BRDA:9,1,1,1
BRDA:17,2,0,2
BRDA:19,3,0,3
BRDA:19,3,1,0
BRDA:20,4,0,1
BRDA:20,4,1,2
BRDA:22,5,0,1
BRDA:22,5,1,1
BRDA:25,6,0,2
BRDA:25,6,1,2
BRF:13
BRH:12
end_of_record
TN:
SF:src/core/index.js
FN:19,(anonymous_0)
FN:32,(anonymous_1)
FN:40,(anonymous_2)
FN:46,(anonymous_3)
FN:57,(anonymous_4)
FN:64,(anonymous_5)
FN:78,(anonymous_6)
FN:80,(anonymous_7)
FN:82,(anonymous_8)
FN:85,(anonymous_9)
FN:110,(anonymous_10)
FN:113,(anonymous_11)
FN:116,(anonymous_12)
FN:120,(anonymous_13)
FN:123,(anonymous_14)
FN:128,(anonymous_15)
FN:131,(anonymous_16)
FN:137,(anonymous_17)
FN:142,(anonymous_18)
FN:163,(anonymous_19)
FN:166,(anonymous_20)
FN:174,(anonymous_21)
FN:177,(anonymous_22)
FN:180,(anonymous_23)
FN:184,(anonymous_24)
FN:187,(anonymous_25)
FNF:26
FNH:25
FNDA:2,(anonymous_0)
FNDA:3,(anonymous_1)
FNDA:2,(anonymous_2)
FNDA:2,(anonymous_3)
FNDA:4,(anonymous_4)
FNDA:20,(anonymous_5)
FNDA:2,(anonymous_6)
FNDA:11,(anonymous_7)
FNDA:11,(anonymous_8)
FNDA:11,(anonymous_9)
FNDA:2,(anonymous_10)
FNDA:2,(anonymous_11)
FNDA:0,(anonymous_12)
FNDA:2,(anonymous_13)
FNDA:5,(anonymous_14)
FNDA:2,(anonymous_15)
FNDA:5,(anonymous_16)
FNDA:2,(anonymous_17)
FNDA:2,(anonymous_18)
FNDA:11,(anonymous_19)
FNDA:21,(anonymous_20)
FNDA:44,(anonymous_21)
FNDA:9,(anonymous_22)
FNDA:9,(anonymous_23)
FNDA:5,(anonymous_24)
FNDA:2,(anonymous_25)
DA:20,2
DA:21,2
DA:22,2
DA:23,2
DA:24,2
DA:25,2
DA:26,2
DA:27,2
DA:28,2
DA:29,2
DA:30,2
DA:31,2
DA:32,2
DA:33,3
DA:34,3
DA:37,2
DA:41,2
DA:42,2
DA:43,2
DA:47,2
DA:48,2
DA:49,0
DA:51,2
DA:58,4
DA:65,20
DA:66,20
DA:67,6
DA:68,6
DA:69,14
DA:70,12
DA:72,2
DA:79,2
DA:80,2
DA:82,2
DA:83,11
DA:85,11
DA:86,11
DA:87,11
DA:88,11
DA:89,2
DA:90,9
DA:91,2
DA:92,7
DA:93,5
DA:95,2
DA:98,11
DA:100,11
DA:101,11
DA:102,11
DA:111,2
DA:112,2
DA:114,2
DA:115,2
DA:117,0
DA:118,0
DA:121,2
DA:124,5
DA:129,2
DA:132,5
DA:133,5
DA:134,5
DA:135,5
DA:138,2
DA:139,2
DA:140,2
DA:144,2
DA:146,2
DA:150,2
DA:152,1
DA:153,1
DA:157,2
DA:158,2
DA:159,2
DA:160,2
DA:161,2
DA:164,11
DA:167,21
DA:168,21
DA:169,21
DA:170,21
DA:172,0
DA:175,44
DA:178,9
DA:181,9
DA:182,9
DA:185,5
DA:188,2
LF:87
LH:83
BRDA:30,0,0,2
BRDA:30,0,1,1
BRDA:33,1,0,3
BRDA:33,1,1,0
BRDA:48,2,0,0
BRDA:48,2,1,2
BRDA:66,3,0,6
BRDA:66,3,1,14
BRDA:66,4,0,20
BRDA:66,4,1,18
BRDA:69,5,0,12
BRDA:69,5,1,2
BRDA:88,6,0,2
BRDA:88,6,1,9
BRDA:90,7,0,2
BRDA:90,7,1,7
BRDA:92,8,0,5
BRDA:92,8,1,2
BRDA:101,9,0,11
BRDA:101,9,1,0
BRDA:146,10,0,2
BRDA:146,10,1,1
BRDA:146,11,0,2
BRDA:146,11,1,2
BRDA:150,12,0,1
BRDA:150,12,1,1
BRDA:153,13,0,1
BRDA:153,13,1,0
BRDA:167,14,0,21
BRDA:167,14,1,0
BRDA:169,15,0,21
BRDA:169,15,1,21
BRF:32
BRH:27
end_of_record
TN:
SF:src/core/utils.js
FN:1,(anonymous_0)
FN:7,(anonymous_1)
FN:10,(anonymous_2)
FN:13,(anonymous_3)
FN:15,(anonymous_4)
FN:20,(anonymous_5)
FN:24,(anonymous_6)
FN:32,(anonymous_7)
FN:36,(anonymous_8)
FN:39,(anonymous_9)
FN:44,(anonymous_10)
FN:51,(anonymous_11)
FNF:12
FNH:9
FNDA:68,(anonymous_0)
FNDA:33,(anonymous_1)
FNDA:11,(anonymous_2)
FNDA:11,(anonymous_3)
FNDA:23,(anonymous_4)
FNDA:0,(anonymous_5)
FNDA:0,(anonymous_6)
FNDA:23,(anonymous_7)
FNDA:20,(anonymous_8)
FNDA:11,(anonymous_9)
FNDA:0,(anonymous_10)
FNDA:9,(anonymous_11)
DA:1,2
DA:2,68
DA:4,2
DA:7,2
DA:8,33
DA:10,2
DA:11,11
DA:13,11
DA:15,2
DA:16,23
DA:17,23
DA:20,2
DA:21,0
DA:22,0
DA:24,0
DA:27,0
DA:28,0
DA:30,0
DA:32,2
DA:33,23
DA:36,2
DA:37,20
DA:39,2
DA:40,11
DA:44,2
DA:45,0
DA:46,0
DA:47,0
DA:51,2
DA:52,9
DA:53,9
DA:54,9
DA:55,9
DA:57,9
DA:58,9
DA:61,2
LF:36
LH:27
BRDA:2,0,0,68
BRDA:2,0,1,66
BRDA:11,1,0,11
BRDA:11,1,1,0
BRDA:13,2,0,11
BRDA:13,2,1,11
BRDA:17,3,0,23
BRDA:17,3,1,0
BRDA:27,4,0,0
BRDA:27,4,1,0
BRDA:40,5,0,11
BRDA:40,5,1,0
BRDA:46,6,0,0
BRDA:46,6,1,0
BRDA:46,7,0,0
BRDA:46,7,1,0
BRDA:54,8,0,9
BRDA:54,8,1,0
BRDA:58,9,0,0
BRDA:58,9,1,9
BRF:20
BRH:9
end_of_record
TN:
SF:src/depens/apiAsyncComponent.js
FN:1,(anonymous_0)
FNF:1
FNH:1
FNDA:11,(anonymous_0)
DA:1,11
LF:1
LH:1
BRF:0
BRH:0
end_of_record
TN:
SF:src/depens/component.js
FN:5,getComponentName
FNF:1
FNH:1
FNDA:11,getComponentName
DA:6,11
LF:1
LH:1
BRDA:6,0,0,0
BRDA:6,0,1,11
BRDA:7,1,0,0
BRDA:7,1,1,0
BRF:4
BRH:1
end_of_record
TN:
SF:src/depens/renderer.js
FN:10,queueEffectWithSuspense
FNF:1
FNH:0
FNDA:0,queueEffectWithSuspense
DA:4,2
DA:14,0
DA:15,0
DA:16,0
DA:18,0
DA:21,0
DA:24,2
LF:7
LH:2
BRDA:14,0,0,0
BRDA:14,0,1,0
BRDA:14,1,0,0
BRDA:14,1,1,0
BRDA:15,2,0,0
BRDA:15,2,1,0
BRDA:24,3,0,0
BRDA:24,3,1,2
BRF:8
BRH:1
end_of_record
TN:
SF:src/depens/share.js
FN:15,(anonymous_0)
FN:17,(anonymous_1)
FNF:2
FNH:2
FNDA:11,(anonymous_0)
FNDA:11,(anonymous_1)
DA:1,2
DA:15,11
DA:17,2
DA:18,11
DA:19,11
LF:5
LH:5
BRDA:17,0,0,11
BRF:1
BRH:1
end_of_record
TN:
SF:src/depens/vnode.js
FN:3,invokeVNodeHook
FNF:1
FNH:1
FNDA:9,invokeVNodeHook
DA:2,2
DA:9,9
LF:2
LH:2
BRDA:7,0,0,9
BRF:1
BRH:1
end_of_record
TN:
SF:src/hacks/hackHistory.js
FN:1,hackHistory
FN:3,(anonymous_1)
FN:9,(anonymous_2)
FNF:3
FNH:3
FNDA:2,hackHistory
FNDA:18,(anonymous_1)
FNDA:5,(anonymous_2)
DA:2,2
DA:3,2
DA:4,18
DA:5,18
DA:6,18
DA:8,2
DA:9,2
DA:10,5
DA:11,5
DA:12,5
LF:10
LH:10
BRF:0
BRH:0
end_of_record
TN:
SF:src/hacks/hackRouter.js
FN:3,(anonymous_0)
FN:7,(anonymous_1)
FN:10,(anonymous_2)
FN:12,(anonymous_3)
FN:17,(anonymous_4)
FN:23,(anonymous_5)
FN:26,(anonymous_6)
FN:30,(anonymous_7)
FN:36,(anonymous_8)
FN:39,(anonymous_9)
FN:47,(anonymous_10)
FNF:11
FNH:10
FNDA:2,(anonymous_0)
FNDA:2,(anonymous_1)
FNDA:2,(anonymous_2)
FNDA:0,(anonymous_3)
FNDA:2,(anonymous_4)
FNDA:2,(anonymous_5)
FNDA:2,(anonymous_6)
FNDA:2,(anonymous_7)
FNDA:2,(anonymous_8)
FNDA:5,(anonymous_9)
FNDA:5,(anonymous_10)
DA:4,2
DA:8,2
DA:9,2
DA:10,2
DA:11,2
DA:12,2
DA:13,0
DA:14,0
DA:17,2
DA:18,2
DA:20,2
DA:24,2
DA:25,2
DA:26,2
DA:27,2
DA:28,2
DA:30,2
DA:31,2
DA:33,2
DA:37,2
DA:38,2
DA:39,2
DA:40,5
DA:41,5
DA:42,5
DA:44,0
DA:47,2
DA:48,5
DA:50,2
LF:29
LH:26
BRDA:14,0,0,0
BRDA:14,0,1,0
BRDA:41,1,0,5
BRDA:41,1,1,0
BRDA:41,2,0,5
BRDA:41,2,1,5
BRDA:41,2,2,5
BRF:7
BRH:4
end_of_record
TN:
SF:src/hacks/index.js
FNF:0
FNH:0
LF:0
LH:0
BRF:0
BRH:0
end_of_record
TN:
SF:test/routes.js
FN:7,(anonymous_0)
FN:12,(anonymous_1)
FN:17,(anonymous_2)
FN:23,(anonymous_3)
FN:26,(anonymous_4)
FN:29,(anonymous_5)
FN:36,(anonymous_6)
FN:39,(anonymous_7)
FN:50,(anonymous_8)
FN:53,(anonymous_9)
FN:56,(anonymous_10)
FN:59,(anonymous_11)
FN:68,(anonymous_12)
FN:72,(anonymous_13)
FN:75,(anonymous_14)
FN:78,(anonymous_15)
FN:87,(anonymous_16)
FN:91,(anonymous_17)
FN:94,(anonymous_18)
FN:97,(anonymous_19)
FNF:20
FNH:16
FNDA:2,(anonymous_0)
FNDA:2,(anonymous_1)
FNDA:2,(anonymous_2)
FNDA:0,(anonymous_3)
FNDA:2,(anonymous_4)
FNDA:3,(anonymous_5)
FNDA:2,(anonymous_6)
FNDA:2,(anonymous_7)
FNDA:2,(anonymous_8)
FNDA:1,(anonymous_9)
FNDA:3,(anonymous_10)
FNDA:3,(anonymous_11)
FNDA:0,(anonymous_12)
FNDA:3,(anonymous_13)
FNDA:2,(anonymous_14)
FNDA:2,(anonymous_15)
FNDA:0,(anonymous_16)
FNDA:2,(anonymous_17)
FNDA:2,(anonymous_18)
FNDA:0,(anonymous_19)
DA:3,2
DA:8,2
DA:13,2
DA:15,2
DA:18,2
DA:19,2
DA:24,0
DA:27,2
DA:30,3
DA:33,2
DA:37,2
DA:40,2
DA:41,2
DA:42,2000
DA:44,2
DA:51,2
DA:54,1
DA:57,3
DA:60,3
DA:63,2
DA:69,0
DA:73,3
DA:76,2
DA:79,2
DA:82,2
DA:88,0
DA:92,2
DA:95,2
DA:98,0
DA:102,2
DA:113,2
DA:124,2
LF:32
LH:28
BRF:0
BRH:0
end_of_record
